<?xml version="1.0" encoding="UTF-8" standalone="yes"?><!DOCTYPE report PUBLIC "-//JACOCO//DTD Report 1.1//EN" "report.dtd"><report name="EnrollmentWhiteBoxTest (QuarkusTest)"><sessioninfo id="DHanhHanny-61bfe0ff" start="1780017747766" dump="1780017765309"/><package name="com/example/studentgrade/controller"><class name="com/example/studentgrade/controller/StudentController$PendingEnrollmentDTO" sourcefilename="StudentController.java"><method name="&lt;init&gt;" desc="(Ljava/lang/Long;Ljava/lang/String;Ljava/lang/String;)V" line="1340"><counter type="INSTRUCTION" missed="12" covered="0"/><counter type="LINE" missed="5" covered="0"/><counter type="COMPLEXITY" missed="1" covered="0"/><counter type="METHOD" missed="1" covered="0"/></method><counter type="INSTRUCTION" missed="12" covered="0"/><counter type="LINE" missed="5" covered="0"/><counter type="COMPLEXITY" missed="1" covered="0"/><counter type="METHOD" missed="1" covered="0"/><counter type="CLASS" missed="1" covered="0"/></class><class name="com/example/studentgrade/controller/StudentController$StudentClassDTO" sourcefilename="StudentController.java"><method name="&lt;init&gt;" desc="(Ljava/lang/String;Ljava/lang/String;Ljava/lang/String;Ljava/lang/String;Ljava/lang/String;)V" line="1167"><counter type="INSTRUCTION" missed="24" covered="0"/><counter type="LINE" missed="9" covered="0"/><counter type="COMPLEXITY" missed="1" covered="0"/><counter type="METHOD" missed="1" covered="0"/></method><method name="&lt;init&gt;" desc="(Ljava/lang/String;Ljava/lang/String;Ljava/lang/String;Ljava/lang/String;Ljava/lang/String;JI)V" line="1178"><counter type="INSTRUCTION" missed="24" covered="0"/><counter type="LINE" missed="9" covered="0"/><counter type="COMPLEXITY" missed="1" covered="0"/><counter type="METHOD" missed="1" covered="0"/></method><method name="isFull" desc="()Z" line="1189"><counter type="INSTRUCTION" missed="11" covered="0"/><counter type="BRANCH" missed="2" covered="0"/><counter type="LINE" missed="1" covered="0"/><counter type="COMPLEXITY" missed="2" covered="0"/><counter type="METHOD" missed="1" covered="0"/></method><counter type="INSTRUCTION" missed="59" covered="0"/><counter type="BRANCH" missed="2" covered="0"/><counter type="LINE" missed="19" covered="0"/><counter type="COMPLEXITY" missed="4" covered="0"/><counter type="METHOD" missed="3" covered="0"/><counter type="CLASS" missed="1" covered="0"/></class><class name="com/example/studentgrade/controller/StudentController$PaymentTransactionDTO" sourcefilename="StudentController.java"><method name="&lt;init&gt;" desc="(Lcom/example/studentgrade/model/PaymentTransaction;)V" line="1379"><counter type="INSTRUCTION" missed="6" covered="0"/><counter type="LINE" missed="3" covered="0"/><counter type="COMPLEXITY" missed="1" covered="0"/><counter type="METHOD" missed="1" covered="0"/></method><method name="getPaymentDate" desc="()Ljava/lang/String;" line="1384"><counter type="INSTRUCTION" missed="4" covered="0"/><counter type="LINE" missed="1" covered="0"/><counter type="COMPLEXITY" missed="1" covered="0"/><counter type="METHOD" missed="1" covered="0"/></method><method name="getMethod" desc="()Ljava/lang/String;" line="1388"><counter type="INSTRUCTION" missed="4" covered="0"/><counter type="LINE" missed="1" covered="0"/><counter type="COMPLEXITY" missed="1" covered="0"/><counter type="METHOD" missed="1" covered="0"/></method><method name="getAmountStr" desc="()Ljava/lang/String;" line="1392"><counter type="INSTRUCTION" missed="11" covered="0"/><counter type="LINE" missed="1" covered="0"/><counter type="COMPLEXITY" missed="1" covered="0"/><counter type="METHOD" missed="1" covered="0"/></method><counter type="INSTRUCTION" missed="25" covered="0"/><counter type="LINE" missed="6" covered="0"/><counter type="COMPLEXITY" missed="4" covered="0"/><counter type="METHOD" missed="4" covered="0"/><counter type="CLASS" missed="1" covered="0"/></class><class name="com/example/studentgrade/controller/StudentController$TuitionFeeDTO" sourcefilename="StudentController.java"><method name="&lt;init&gt;" desc="(Lcom/example/studentgrade/model/TuitionFee;Ljava/lang/String;Ljava/lang/Double;Ljava/util/List;)V" line="1354"><counter type="INSTRUCTION" missed="15" covered="0"/><counter type="LINE" missed="6" covered="0"/><counter type="COMPLEXITY" missed="1" covered="0"/><counter type="METHOD" missed="1" covered="0"/></method><method name="getTotalAmountStr" desc="()Ljava/lang/String;" line="1362"><counter type="INSTRUCTION" missed="11" covered="0"/><counter type="LINE" missed="2" covered="0"/><counter type="COMPLEXITY" missed="1" covered="0"/><counter type="METHOD" missed="1" covered="0"/></method><method name="getPaidAmountStr" desc="()Ljava/lang/String;" line="1367"><counter type="INSTRUCTION" missed="11" covered="0"/><counter type="LINE" missed="2" covered="0"/><counter type="COMPLEXITY" missed="1" covered="0"/><counter type="METHOD" missed="1" covered="0"/></method><method name="getRemainingAmountStr" desc="()Ljava/lang/String;" line="1372"><counter type="INSTRUCTION" missed="10" covered="0"/><counter type="LINE" missed="1" covered="0"/><counter type="COMPLEXITY" missed="1" covered="0"/><counter type="METHOD" missed="1" covered="0"/></method><counter type="INSTRUCTION" missed="47" covered="0"/><counter type="LINE" missed="11" covered="0"/><counter type="COMPLEXITY" missed="4" covered="0"/><counter type="METHOD" missed="4" covered="0"/><counter type="CLASS" missed="1" covered="0"/></class><class name="com/example/studentgrade/controller/StudentController$StudentGradeDTO" sourcefilename="StudentController.java"><method name="&lt;init&gt;" desc="(Ljava/lang/Long;Ljava/lang/String;Ljava/lang/String;Ljava/lang/Double;Ljava/lang/Double;Ljava/lang/Double;Ljava/lang/Double;Ljava/lang/Long;)V" line="1281"><counter type="INSTRUCTION" missed="27" covered="0"/><counter type="LINE" missed="10" covered="0"/><counter type="COMPLEXITY" missed="1" covered="0"/><counter type="METHOD" missed="1" covered="0"/></method><method name="getScore4" desc="()Ljava/lang/Double;" line="1293"><counter type="INSTRUCTION" missed="53" covered="0"/><counter type="BRANCH" missed="12" covered="0"/><counter type="LINE" missed="13" covered="0"/><counter type="COMPLEXITY" missed="7" covered="0"/><counter type="METHOD" missed="1" covered="0"/></method><method name="getLetterGrade" desc="()Ljava/lang/String;" line="1309"><counter type="INSTRUCTION" missed="47" covered="0"/><counter type="BRANCH" missed="12" covered="0"/><counter type="LINE" missed="13" covered="0"/><counter type="COMPLEXITY" missed="7" covered="0"/><counter type="METHOD" missed="1" covered="0"/></method><method name="getBadgeClass" desc="()Ljava/lang/String;" line="1325"><counter type="INSTRUCTION" missed="23" covered="0"/><counter type="BRANCH" missed="6" covered="0"/><counter type="LINE" missed="7" covered="0"/><counter type="COMPLEXITY" missed="4" covered="0"/><counter type="METHOD" missed="1" covered="0"/></method><counter type="INSTRUCTION" missed="150" covered="0"/><counter type="BRANCH" missed="30" covered="0"/><counter type="LINE" missed="43" covered="0"/><counter type="COMPLEXITY" missed="19" covered="0"/><counter type="METHOD" missed="4" covered="0"/><counter type="CLASS" missed="1" covered="0"/></class><class name="com/example/studentgrade/controller/StudentController" sourcefilename="StudentController.java"><method name="&lt;init&gt;" desc="()V" line="33"><counter type="INSTRUCTION" missed="0" covered="3"/><counter type="LINE" missed="0" covered="1"/><counter type="COMPLEXITY" missed="0" covered="1"/><counter type="METHOD" missed="0" covered="1"/></method><method name="getLoggedStudent" desc="(Ljava/lang/String;)Lcom/example/studentgrade/model/Student;" line="77"><counter type="INSTRUCTION" missed="28" covered="0"/><counter type="BRANCH" missed="4" covered="0"/><counter type="LINE" missed="8" covered="0"/><counter type="COMPLEXITY" missed="3" covered="0"/><counter type="METHOD" missed="1" covered="0"/></method><method name="getLoggedTeacher" desc="(Ljava/lang/String;)Lcom/example/studentgrade/model/Student;" line="89"><counter type="INSTRUCTION" missed="28" covered="0"/><counter type="BRANCH" missed="4" covered="0"/><counter type="LINE" missed="8" covered="0"/><counter type="COMPLEXITY" missed="3" covered="0"/><counter type="METHOD" missed="1" covered="0"/></method><method name="root" desc="()Ljava/lang/String;" line="104"><counter type="INSTRUCTION" missed="4" covered="0"/><counter type="LINE" missed="1" covered="0"/><counter type="COMPLEXITY" missed="1" covered="0"/><counter type="METHOD" missed="1" covered="0"/></method><method name="getLoginPage" desc="(Ljava/lang/String;)Ljava/lang/String;" line="112"><counter type="INSTRUCTION" missed="0" covered="11"/><counter type="BRANCH" missed="0" covered="2"/><counter type="LINE" missed="0" covered="1"/><counter type="COMPLEXITY" missed="0" covered="2"/><counter type="METHOD" missed="0" covered="1"/></method><method name="doLogin" desc="(Ljava/lang/String;Ljava/lang/String;)Ljakarta/ws/rs/core/Response;" line="120"><counter type="INSTRUCTION" missed="157" covered="62"/><counter type="BRANCH" missed="23" covered="9"/><counter type="LINE" missed="31" covered="9"/><counter type="COMPLEXITY" missed="15" covered="2"/><counter type="METHOD" missed="0" covered="1"/></method><method name="getDashboard" desc="(Ljava/lang/String;)Ljava/lang/String;" line="178"><counter type="INSTRUCTION" missed="58" covered="537"/><counter type="BRANCH" missed="13" covered="39"/><counter type="LINE" missed="13" covered="118"/><counter type="COMPLEXITY" missed="10" covered="17"/><counter type="METHOD" missed="0" covered="1"/></method><method name="getTeacherDashboard" desc="(Ljava/lang/String;Ljava/lang/String;I)Ljava/lang/String;" line="350"><counter type="INSTRUCTION" missed="297" covered="0"/><counter type="BRANCH" missed="28" covered="0"/><counter type="LINE" missed="62" covered="0"/><counter type="COMPLEXITY" missed="15" covered="0"/><counter type="METHOD" missed="1" covered="0"/></method><method name="getTeacherEnrollments" desc="(Ljava/lang/String;)Ljava/lang/String;" line="445"><counter type="INSTRUCTION" missed="84" covered="0"/><counter type="BRANCH" missed="6" covered="0"/><counter type="LINE" missed="19" covered="0"/><counter type="COMPLEXITY" missed="4" covered="0"/><counter type="METHOD" missed="1" covered="0"/></method><method name="saveGrade" desc="(Ljava/lang/Long;Ljava/lang/Long;Ljava/lang/String;Ljava/lang/String;Ljava/lang/String;)Ljakarta/ws/rs/core/Response;" line="483"><counter type="INSTRUCTION" missed="13" covered="132"/><counter type="BRANCH" missed="12" covered="14"/><counter type="LINE" missed="5" covered="30"/><counter type="COMPLEXITY" missed="12" covered="2"/><counter type="METHOD" missed="0" covered="1"/></method><method name="getStudentDashboard" desc="(Ljava/lang/String;)Ljava/lang/String;" line="548"><counter type="INSTRUCTION" missed="223" covered="0"/><counter type="BRANCH" missed="22" covered="0"/><counter type="LINE" missed="49" covered="0"/><counter type="COMPLEXITY" missed="12" covered="0"/><counter type="METHOD" missed="1" covered="0"/></method><method name="getStudentClasses" desc="(Ljava/lang/String;I)Ljava/lang/String;" line="623"><counter type="INSTRUCTION" missed="190" covered="0"/><counter type="BRANCH" missed="22" covered="0"/><counter type="LINE" missed="41" covered="0"/><counter type="COMPLEXITY" missed="12" covered="0"/><counter type="METHOD" missed="1" covered="0"/></method><method name="getStudentEnroll" desc="(Ljava/lang/String;)Ljava/lang/String;" line="687"><counter type="INSTRUCTION" missed="223" covered="0"/><counter type="BRANCH" missed="22" covered="0"/><counter type="LINE" missed="42" covered="0"/><counter type="COMPLEXITY" missed="12" covered="0"/><counter type="METHOD" missed="1" covered="0"/></method><method name="cancelEnrollment" desc="(Ljava/lang/String;Ljava/lang/Long;)Ljakarta/ws/rs/core/Response;" line="750"><counter type="INSTRUCTION" missed="26" covered="0"/><counter type="BRANCH" missed="4" covered="0"/><counter type="LINE" missed="7" covered="0"/><counter type="COMPLEXITY" missed="3" covered="0"/><counter type="METHOD" missed="1" covered="0"/></method><method name="getStudentTuition" desc="(Ljava/lang/String;)Ljava/lang/String;" line="765"><counter type="INSTRUCTION" missed="170" covered="0"/><counter type="BRANCH" missed="10" covered="0"/><counter type="LINE" missed="39" covered="0"/><counter type="COMPLEXITY" missed="6" covered="0"/><counter type="METHOD" missed="1" covered="0"/></method><method name="studentPayTuition" desc="(Ljava/lang/String;Ljava/lang/Long;Ljava/lang/Double;)Ljakarta/ws/rs/core/Response;" line="823"><counter type="INSTRUCTION" missed="93" covered="0"/><counter type="BRANCH" missed="12" covered="0"/><counter type="LINE" missed="18" covered="0"/><counter type="COMPLEXITY" missed="7" covered="0"/><counter type="METHOD" missed="1" covered="0"/></method><method name="getStudentTranscript" desc="(Ljava/lang/String;)Ljava/lang/String;" line="852"><counter type="INSTRUCTION" missed="226" covered="0"/><counter type="BRANCH" missed="30" covered="0"/><counter type="LINE" missed="50" covered="0"/><counter type="COMPLEXITY" missed="16" covered="0"/><counter type="METHOD" missed="1" covered="0"/></method><method name="getStudentTranscriptJson" desc="(Ljava/lang/Long;)Ljakarta/ws/rs/core/Response;" line="915"><counter type="INSTRUCTION" missed="195" covered="0"/><counter type="BRANCH" missed="22" covered="0"/><counter type="LINE" missed="39" covered="0"/><counter type="COMPLEXITY" missed="12" covered="0"/><counter type="METHOD" missed="1" covered="0"/></method><method name="updateStudentProfile" desc="(Ljava/lang/String;Ljava/lang/String;Ljava/lang/String;Ljava/lang/String;Ljava/lang/String;Ljava/lang/String;)Ljakarta/ws/rs/core/Response;" line="975"><counter type="INSTRUCTION" missed="88" covered="0"/><counter type="BRANCH" missed="20" covered="0"/><counter type="LINE" missed="18" covered="0"/><counter type="COMPLEXITY" missed="11" covered="0"/><counter type="METHOD" missed="1" covered="0"/></method><method name="editUser" desc="(Ljava/lang/Long;Ljava/lang/String;Ljava/lang/String;Ljava/lang/String;Ljava/lang/String;Ljava/lang/String;)Ljakarta/ws/rs/core/Response;" line="1012"><counter type="INSTRUCTION" missed="34" covered="0"/><counter type="BRANCH" missed="2" covered="0"/><counter type="LINE" missed="9" covered="0"/><counter type="COMPLEXITY" missed="2" covered="0"/><counter type="METHOD" missed="1" covered="0"/></method><method name="resetUserPassword" desc="(Ljava/lang/Long;Ljava/lang/String;)Ljakarta/ws/rs/core/Response;" line="1029"><counter type="INSTRUCTION" missed="28" covered="0"/><counter type="BRANCH" missed="6" covered="0"/><counter type="LINE" missed="5" covered="0"/><counter type="COMPLEXITY" missed="4" covered="0"/><counter type="METHOD" missed="1" covered="0"/></method><method name="editSubject" desc="(Ljava/lang/Long;Ljava/lang/String;Ljava/lang/String;Ljava/lang/String;)Ljakarta/ws/rs/core/Response;" line="1046"><counter type="INSTRUCTION" missed="28" covered="0"/><counter type="BRANCH" missed="2" covered="0"/><counter type="LINE" missed="7" covered="0"/><counter type="COMPLEXITY" missed="2" covered="0"/><counter type="METHOD" missed="1" covered="0"/></method><counter type="INSTRUCTION" missed="2193" covered="745"/><counter type="BRANCH" missed="264" covered="64"/><counter type="LINE" missed="471" covered="159"/><counter type="COMPLEXITY" missed="162" covered="24"/><counter type="METHOD" missed="17" covered="5"/><counter type="CLASS" missed="0" covered="1"/></class><class name="com/example/studentgrade/controller/StudentController$DetailedGradeDTO" sourcefilename="StudentController.java"><method name="&lt;init&gt;" desc="(Ljava/lang/String;Ljava/lang/String;ILjava/lang/Double;Ljava/lang/Double;Ljava/lang/Double;Ljava/lang/Double;)V" line="1203"><counter type="INSTRUCTION" missed="24" covered="0"/><counter type="LINE" missed="9" covered="0"/><counter type="COMPLEXITY" missed="1" covered="0"/><counter type="METHOD" missed="1" covered="0"/></method><method name="getScore4" desc="()Ljava/lang/Double;" line="1214"><counter type="INSTRUCTION" missed="53" covered="0"/><counter type="BRANCH" missed="12" covered="0"/><counter type="LINE" missed="13" covered="0"/><counter type="COMPLEXITY" missed="7" covered="0"/><counter type="METHOD" missed="1" covered="0"/></method><method name="getLetterGrade" desc="()Ljava/lang/String;" line="1230"><counter type="INSTRUCTION" missed="47" covered="0"/><counter type="BRANCH" missed="12" covered="0"/><counter type="LINE" missed="13" covered="0"/><counter type="COMPLEXITY" missed="7" covered="0"/><counter type="METHOD" missed="1" covered="0"/></method><method name="getBadgeClass" desc="()Ljava/lang/String;" line="1246"><counter type="INSTRUCTION" missed="23" covered="0"/><counter type="BRANCH" missed="6" covered="0"/><counter type="LINE" missed="7" covered="0"/><counter type="COMPLEXITY" missed="4" covered="0"/><counter type="METHOD" missed="1" covered="0"/></method><counter type="INSTRUCTION" missed="147" covered="0"/><counter type="BRANCH" missed="30" covered="0"/><counter type="LINE" missed="42" covered="0"/><counter type="COMPLEXITY" missed="19" covered="0"/><counter type="METHOD" missed="4" covered="0"/><counter type="CLASS" missed="1" covered="0"/></class><class name="com/example/studentgrade/controller/StudentController$SemesterDTO" sourcefilename="StudentController.java"><method name="&lt;init&gt;" desc="(Ljava/lang/String;Ljava/lang/String;Ljava/lang/String;Ljava/util/List;)V" line="1120"><counter type="INSTRUCTION" missed="23" covered="0"/><counter type="LINE" missed="8" covered="0"/><counter type="COMPLEXITY" missed="1" covered="0"/><counter type="METHOD" missed="1" covered="0"/></method><method name="calculateGPA" desc="()Ljava/lang/Double;" line="1130"><counter type="INSTRUCTION" missed="60" covered="0"/><counter type="BRANCH" missed="10" covered="0"/><counter type="LINE" missed="10" covered="0"/><counter type="COMPLEXITY" missed="6" covered="0"/><counter type="METHOD" missed="1" covered="0"/></method><method name="calculateGPA4" desc="()Ljava/lang/Double;" line="1144"><counter type="INSTRUCTION" missed="60" covered="0"/><counter type="BRANCH" missed="10" covered="0"/><counter type="LINE" missed="10" covered="0"/><counter type="COMPLEXITY" missed="6" covered="0"/><counter type="METHOD" missed="1" covered="0"/></method><counter type="INSTRUCTION" missed="143" covered="0"/><counter type="BRANCH" missed="20" covered="0"/><counter type="LINE" missed="28" covered="0"/><counter type="COMPLEXITY" missed="13" covered="0"/><counter type="METHOD" missed="3" covered="0"/><counter type="CLASS" missed="1" covered="0"/></class><class name="com/example/studentgrade/controller/StudentController$GradeDTO" sourcefilename="StudentController.java"><method name="&lt;init&gt;" desc="(Ljava/lang/String;Ljava/lang/String;ILjava/lang/Double;)V" line="1062"><counter type="INSTRUCTION" missed="15" covered="0"/><counter type="LINE" missed="6" covered="0"/><counter type="COMPLEXITY" missed="1" covered="0"/><counter type="METHOD" missed="1" covered="0"/></method><method name="getScore4" desc="()Ljava/lang/Double;" line="1070"><counter type="INSTRUCTION" missed="53" covered="0"/><counter type="BRANCH" missed="12" covered="0"/><counter type="LINE" missed="13" covered="0"/><counter type="COMPLEXITY" missed="7" covered="0"/><counter type="METHOD" missed="1" covered="0"/></method><method name="getLetterGrade" desc="()Ljava/lang/String;" line="1086"><counter type="INSTRUCTION" missed="47" covered="0"/><counter type="BRANCH" missed="12" covered="0"/><counter type="LINE" missed="13" covered="0"/><counter type="COMPLEXITY" missed="7" covered="0"/><counter type="METHOD" missed="1" covered="0"/></method><method name="getBadgeClass" desc="()Ljava/lang/String;" line="1102"><counter type="INSTRUCTION" missed="23" covered="0"/><counter type="BRANCH" missed="6" covered="0"/><counter type="LINE" missed="7" covered="0"/><counter type="COMPLEXITY" missed="4" covered="0"/><counter type="METHOD" missed="1" covered="0"/></method><counter type="INSTRUCTION" missed="138" covered="0"/><counter type="BRANCH" missed="30" covered="0"/><counter type="LINE" missed="39" covered="0"/><counter type="COMPLEXITY" missed="19" covered="0"/><counter type="METHOD" missed="4" covered="0"/><counter type="CLASS" missed="1" covered="0"/></class><class name="com/example/studentgrade/controller/StudentController$TeacherClassDTO" sourcefilename="StudentController.java"><method name="&lt;init&gt;" desc="(Ljava/lang/String;Ljava/lang/String;Ljava/lang/String;Ljava/util/List;)V" line="1262"><counter type="INSTRUCTION" missed="15" covered="0"/><counter type="LINE" missed="6" covered="0"/><counter type="COMPLEXITY" missed="1" covered="0"/><counter type="METHOD" missed="1" covered="0"/></method><counter type="INSTRUCTION" missed="15" covered="0"/><counter type="LINE" missed="6" covered="0"/><counter type="COMPLEXITY" missed="1" covered="0"/><counter type="METHOD" missed="1" covered="0"/><counter type="CLASS" missed="1" covered="0"/></class><sourcefile name="StudentController.java"><line nr="33" mi="0" ci="3" mb="0" cb="0"/><line nr="77" mi="6" ci="0" mb="2" cb="0"/><line nr="78" mi="5" ci="0" mb="0" cb="0"/><line nr="79" mi="2" ci="0" mb="2" cb="0"/><line nr="80" mi="4" ci="0" mb="0" cb="0"/><line nr="81" mi="3" ci="0" mb="0" cb="0"/><line nr="82" mi="3" ci="0" mb="0" cb="0"/><line nr="83" mi="3" ci="0" mb="0" cb="0"/><line nr="85" mi="2" ci="0" mb="0" cb="0"/><line nr="89" mi="6" ci="0" mb="2" cb="0"/><line nr="90" mi="5" ci="0" mb="0" cb="0"/><line nr="91" mi="2" ci="0" mb="2" cb="0"/><line nr="92" mi="4" ci="0" mb="0" cb="0"/><line nr="93" mi="3" ci="0" mb="0" cb="0"/><line nr="94" mi="3" ci="0" mb="0" cb="0"/><line nr="95" mi="3" ci="0" mb="0" cb="0"/><line nr="97" mi="2" ci="0" mb="0" cb="0"/><line nr="104" mi="4" ci="0" mb="0" cb="0"/><line nr="112" mi="0" ci="11" mb="0" cb="2"/><line nr="120" mi="0" ci="5" mb="0" cb="0"/><line nr="121" mi="0" ci="12" mb="0" cb="0"/><line nr="123" mi="0" ci="7" mb="1" cb="3"/><line nr="124" mi="0" ci="5" mb="1" cb="1"/><line nr="125" mi="0" ci="12" mb="0" cb="0"/><line nr="126" mi="5" ci="0" mb="2" cb="0"/><line nr="127" mi="12" ci="0" mb="0" cb="0"/><line nr="128" mi="5" ci="0" mb="2" cb="0"/><line nr="129" mi="12" ci="0" mb="0" cb="0"/><line nr="133" mi="4" ci="4" mb="3" cb="1"/><line nr="134" mi="2" ci="0" mb="2" cb="0"/><line nr="135" mi="4" ci="0" mb="0" cb="0"/><line nr="136" mi="3" ci="0" mb="0" cb="0"/><line nr="137" mi="3" ci="0" mb="0" cb="0"/><line nr="138" mi="3" ci="0" mb="0" cb="0"/><line nr="139" mi="3" ci="0" mb="0" cb="0"/><line nr="140" mi="3" ci="0" mb="0" cb="0"/><line nr="141" mi="4" ci="0" mb="0" cb="0"/><line nr="143" mi="12" ci="0" mb="0" cb="0"/><line nr="146" mi="4" ci="6" mb="4" cb="2"/><line nr="147" mi="2" ci="0" mb="2" cb="0"/><line nr="148" mi="4" ci="0" mb="0" cb="0"/><line nr="149" mi="3" ci="0" mb="0" cb="0"/><line nr="150" mi="3" ci="0" mb="0" cb="0"/><line nr="151" mi="3" ci="0" mb="0" cb="0"/><line nr="152" mi="3" ci="0" mb="0" cb="0"/><line nr="153" mi="3" ci="0" mb="0" cb="0"/><line nr="154" mi="4" ci="0" mb="0" cb="0"/><line nr="156" mi="12" ci="0" mb="0" cb="0"/><line nr="159" mi="4" ci="6" mb="4" cb="2"/><line nr="160" mi="2" ci="0" mb="2" cb="0"/><line nr="161" mi="4" ci="0" mb="0" cb="0"/><line nr="162" mi="3" ci="0" mb="0" cb="0"/><line nr="163" mi="3" ci="0" mb="0" cb="0"/><line nr="164" mi="3" ci="0" mb="0" cb="0"/><line nr="165" mi="3" ci="0" mb="0" cb="0"/><line nr="166" mi="3" ci="0" mb="0" cb="0"/><line nr="167" mi="4" ci="0" mb="0" cb="0"/><line nr="169" mi="12" ci="0" mb="0" cb="0"/><line nr="171" mi="0" ci="5" mb="0" cb="0"/><line nr="178" mi="0" ci="2" mb="0" cb="0"/><line nr="179" mi="4" ci="2" mb="3" cb="1"/><line nr="181" mi="4" ci="0" mb="0" cb="0"/><line nr="182" mi="1" ci="0" mb="0" cb="0"/><line nr="183" mi="1" ci="0" mb="0" cb="0"/><line nr="186" mi="0" ci="7" mb="0" cb="0"/><line nr="187" mi="0" ci="4" mb="0" cb="0"/><line nr="188" mi="0" ci="3" mb="0" cb="0"/><line nr="189" mi="0" ci="2" mb="1" cb="1"/><line nr="190" mi="3" ci="0" mb="0" cb="0"/><line nr="191" mi="0" ci="10" mb="0" cb="0"/><line nr="194" mi="0" ci="4" mb="0" cb="0"/><line nr="195" mi="0" ci="1" mb="0" cb="0"/><line nr="196" mi="0" ci="2" mb="0" cb="0"/><line nr="197" mi="0" ci="2" mb="0" cb="0"/><line nr="198" mi="0" ci="10" mb="0" cb="2"/><line nr="199" mi="0" ci="5" mb="0" cb="2"/><line nr="200" mi="0" ci="5" mb="0" cb="0"/><line nr="201" mi="0" ci="5" mb="0" cb="2"/><line nr="202" mi="0" ci="5" mb="0" cb="0"/><line nr="203" mi="0" ci="5" mb="0" cb="2"/><line nr="204" mi="0" ci="5" mb="0" cb="0"/><line nr="205" mi="0" ci="5" mb="0" cb="2"/><line nr="206" mi="0" ci="5" mb="0" cb="0"/><line nr="207" mi="0" ci="5" mb="0" cb="2"/><line nr="208" mi="0" ci="4" mb="0" cb="0"/><line nr="209" mi="0" ci="1" mb="0" cb="0"/><line nr="210" mi="2" ci="15" mb="1" cb="1"/><line nr="212" mi="0" ci="4" mb="0" cb="0"/><line nr="213" mi="0" ci="3" mb="0" cb="0"/><line nr="214" mi="0" ci="4" mb="0" cb="0"/><line nr="215" mi="0" ci="3" mb="0" cb="0"/><line nr="216" mi="2" ci="15" mb="1" cb="1"/><line nr="217" mi="0" ci="8" mb="0" cb="0"/><line nr="219" mi="0" ci="4" mb="0" cb="0"/><line nr="220" mi="0" ci="7" mb="0" cb="0"/><line nr="221" mi="0" ci="3" mb="0" cb="0"/><line nr="222" mi="0" ci="7" mb="0" cb="0"/><line nr="223" mi="0" ci="1" mb="0" cb="0"/><line nr="224" mi="0" ci="2" mb="0" cb="0"/><line nr="225" mi="0" ci="7" mb="0" cb="0"/><line nr="226" mi="0" ci="1" mb="0" cb="0"/><line nr="227" mi="0" ci="2" mb="0" cb="0"/><line nr="228" mi="0" ci="7" mb="0" cb="0"/><line nr="229" mi="0" ci="1" mb="0" cb="0"/><line nr="230" mi="0" ci="2" mb="0" cb="0"/><line nr="231" mi="0" ci="7" mb="0" cb="0"/><line nr="232" mi="0" ci="1" mb="0" cb="0"/><line nr="233" mi="0" ci="2" mb="0" cb="0"/><line nr="234" mi="0" ci="7" mb="0" cb="0"/><line nr="235" mi="0" ci="1" mb="0" cb="0"/><line nr="237" mi="0" ci="2" mb="0" cb="0"/><line nr="240" mi="0" ci="4" mb="0" cb="0"/><line nr="241" mi="0" ci="1" mb="0" cb="0"/><line nr="243" mi="0" ci="2" mb="0" cb="0"/><line nr="244" mi="0" ci="4" mb="0" cb="0"/><line nr="245" mi="0" ci="10" mb="0" cb="2"/><line nr="246" mi="0" ci="4" mb="0" cb="0"/><line nr="247" mi="0" ci="6" mb="0" cb="0"/><line nr="249" mi="0" ci="7" mb="0" cb="0"/><line nr="254" mi="0" ci="2" mb="0" cb="0"/><line nr="255" mi="0" ci="2" mb="0" cb="0"/><line nr="257" mi="0" ci="2" mb="0" cb="0"/><line nr="258" mi="0" ci="2" mb="0" cb="0"/><line nr="259" mi="0" ci="2" mb="0" cb="0"/><line nr="260" mi="0" ci="10" mb="0" cb="2"/><line nr="261" mi="0" ci="5" mb="0" cb="0"/><line nr="262" mi="0" ci="5" mb="0" cb="2"/><line nr="263" mi="0" ci="4" mb="0" cb="0"/><line nr="265" mi="0" ci="5" mb="0" cb="2"/><line nr="266" mi="0" ci="5" mb="0" cb="0"/><line nr="267" mi="0" ci="5" mb="0" cb="2"/><line nr="268" mi="0" ci="5" mb="0" cb="0"/><line nr="269" mi="0" ci="5" mb="0" cb="2"/><line nr="270" mi="0" ci="5" mb="0" cb="0"/><line nr="271" mi="0" ci="5" mb="0" cb="2"/><line nr="272" mi="0" ci="5" mb="0" cb="0"/><line nr="273" mi="0" ci="5" mb="0" cb="2"/><line nr="274" mi="0" ci="4" mb="0" cb="0"/><line nr="275" mi="0" ci="1" mb="0" cb="0"/><line nr="276" mi="0" ci="3" mb="0" cb="2"/><line nr="277" mi="0" ci="12" mb="0" cb="0"/><line nr="278" mi="0" ci="12" mb="0" cb="0"/><line nr="280" mi="0" ci="5" mb="0" cb="2"/><line nr="281" mi="0" ci="15" mb="0" cb="0"/><line nr="283" mi="0" ci="6" mb="0" cb="0"/><line nr="284" mi="0" ci="6" mb="0" cb="0"/><line nr="285" mi="0" ci="6" mb="0" cb="0"/><line nr="286" mi="0" ci="7" mb="0" cb="0"/><line nr="287" mi="0" ci="4" mb="0" cb="0"/><line nr="288" mi="0" ci="1" mb="0" cb="0"/><line nr="291" mi="0" ci="8" mb="0" cb="0"/><line nr="292" mi="0" ci="4" mb="0" cb="0"/><line nr="293" mi="0" ci="2" mb="0" cb="0"/><line nr="294" mi="0" ci="3" mb="0" cb="0"/><line nr="295" mi="0" ci="3" mb="0" cb="0"/><line nr="298" mi="0" ci="2" mb="0" cb="0"/><line nr="299" mi="0" ci="2" mb="0" cb="0"/><line nr="301" mi="0" ci="2" mb="1" cb="1"/><line nr="302" mi="7" ci="0" mb="0" cb="0"/><line nr="303" mi="1" ci="0" mb="0" cb="0"/><line nr="304" mi="3" ci="0" mb="0" cb="0"/><line nr="305" mi="7" ci="0" mb="2" cb="0"/><line nr="307" mi="7" ci="0" mb="0" cb="0"/><line nr="308" mi="1" ci="0" mb="0" cb="0"/><line nr="309" mi="3" ci="0" mb="0" cb="0"/><line nr="310" mi="7" ci="0" mb="2" cb="0"/><line nr="311" mi="1" ci="0" mb="0" cb="0"/><line nr="313" mi="0" ci="8" mb="0" cb="0"/><line nr="314" mi="1" ci="6" mb="1" cb="1"/><line nr="316" mi="0" ci="8" mb="0" cb="0"/><line nr="317" mi="3" ci="4" mb="1" cb="1"/><line nr="320" mi="0" ci="7" mb="0" cb="0"/><line nr="321" mi="0" ci="4" mb="0" cb="0"/><line nr="322" mi="0" ci="4" mb="0" cb="0"/><line nr="324" mi="0" ci="5" mb="0" cb="0"/><line nr="325" mi="0" ci="3" mb="0" cb="0"/><line nr="326" mi="0" ci="4" mb="0" cb="0"/><line nr="327" mi="0" ci="4" mb="0" cb="0"/><line nr="328" mi="0" ci="4" mb="0" cb="0"/><line nr="329" mi="0" ci="3" mb="0" cb="0"/><line nr="330" mi="0" ci="3" mb="0" cb="0"/><line nr="331" mi="0" ci="3" mb="0" cb="0"/><line nr="332" mi="0" ci="8" mb="0" cb="0"/><line nr="333" mi="0" ci="3" mb="0" cb="0"/><line nr="334" mi="0" ci="3" mb="0" cb="0"/><line nr="335" mi="0" ci="4" mb="0" cb="0"/><line nr="336" mi="0" ci="4" mb="0" cb="0"/><line nr="337" mi="0" ci="3" mb="0" cb="0"/><line nr="338" mi="0" ci="1" mb="0" cb="0"/><line nr="339" mi="0" ci="1" mb="0" cb="0"/><line nr="350" mi="4" ci="0" mb="0" cb="0"/><line nr="351" mi="2" ci="0" mb="0" cb="0"/><line nr="353" mi="2" ci="0" mb="0" cb="0"/><line nr="354" mi="2" ci="0" mb="0" cb="0"/><line nr="356" mi="6" ci="0" mb="4" cb="0"/><line nr="357" mi="3" ci="0" mb="0" cb="0"/><line nr="358" mi="3" ci="0" mb="0" cb="0"/><line nr="360" mi="3" ci="0" mb="0" cb="0"/><line nr="362" mi="10" ci="0" mb="0" cb="0"/><line nr="363" mi="10" ci="0" mb="0" cb="0"/><line nr="365" mi="6" ci="0" mb="4" cb="0"/><line nr="366" mi="6" ci="0" mb="0" cb="0"/><line nr="367" mi="6" ci="0" mb="0" cb="0"/><line nr="370" mi="4" ci="0" mb="0" cb="0"/><line nr="371" mi="9" ci="0" mb="0" cb="0"/><line nr="373" mi="3" ci="0" mb="2" cb="0"/><line nr="374" mi="2" ci="0" mb="0" cb="0"/><line nr="375" mi="5" ci="0" mb="4" cb="0"/><line nr="376" mi="2" ci="0" mb="0" cb="0"/><line nr="378" mi="8" ci="0" mb="0" cb="0"/><line nr="379" mi="4" ci="0" mb="0" cb="0"/><line nr="380" mi="3" ci="0" mb="0" cb="0"/><line nr="382" mi="4" ci="0" mb="0" cb="0"/><line nr="383" mi="10" ci="0" mb="2" cb="0"/><line nr="384" mi="7" ci="0" mb="0" cb="0"/><line nr="387" mi="2" ci="0" mb="0" cb="0"/><line nr="388" mi="2" ci="0" mb="0" cb="0"/><line nr="390" mi="4" ci="0" mb="0" cb="0"/><line nr="391" mi="10" ci="0" mb="2" cb="0"/><line nr="392" mi="2" ci="0" mb="0" cb="0"/><line nr="394" mi="7" ci="0" mb="0" cb="0"/><line nr="396" mi="4" ci="0" mb="0" cb="0"/><line nr="397" mi="2" ci="0" mb="0" cb="0"/><line nr="398" mi="3" ci="0" mb="0" cb="0"/><line nr="399" mi="1" ci="0" mb="0" cb="0"/><line nr="400" mi="1" ci="0" mb="0" cb="0"/><line nr="402" mi="2" ci="0" mb="2" cb="0"/><line nr="403" mi="4" ci="0" mb="0" cb="0"/><line nr="404" mi="11" ci="0" mb="0" cb="0"/><line nr="405" mi="8" ci="0" mb="0" cb="0"/><line nr="407" mi="16" ci="0" mb="0" cb="0"/><line nr="408" mi="2" ci="0" mb="0" cb="0"/><line nr="410" mi="1" ci="0" mb="0" cb="0"/><line nr="412" mi="8" ci="0" mb="2" cb="0"/><line nr="413" mi="7" ci="0" mb="2" cb="0"/><line nr="414" mi="9" ci="0" mb="2" cb="0"/><line nr="415" mi="11" ci="0" mb="0" cb="0"/><line nr="416" mi="1" ci="0" mb="0" cb="0"/><line nr="419" mi="7" ci="0" mb="0" cb="0"/><line nr="420" mi="2" ci="0" mb="0" cb="0"/><line nr="421" mi="3" ci="0" mb="0" cb="0"/><line nr="425" mi="7" ci="0" mb="0" cb="0"/><line nr="428" mi="2" ci="0" mb="0" cb="0"/><line nr="429" mi="3" ci="0" mb="0" cb="0"/><line nr="431" mi="8" ci="0" mb="0" cb="0"/><line nr="432" mi="3" ci="0" mb="0" cb="0"/><line nr="433" mi="2" ci="0" mb="0" cb="0"/><line nr="434" mi="8" ci="0" mb="2" cb="0"/><line nr="435" mi="4" ci="0" mb="0" cb="0"/><line nr="436" mi="4" ci="0" mb="0" cb="0"/><line nr="437" mi="1" ci="0" mb="0" cb="0"/><line nr="438" mi="1" ci="0" mb="0" cb="0"/><line nr="445" mi="4" ci="0" mb="0" cb="0"/><line nr="446" mi="4" ci="0" mb="0" cb="0"/><line nr="447" mi="3" ci="0" mb="0" cb="0"/><line nr="449" mi="2" ci="0" mb="0" cb="0"/><line nr="450" mi="2" ci="0" mb="0" cb="0"/><line nr="452" mi="4" ci="0" mb="0" cb="0"/><line nr="453" mi="10" ci="0" mb="2" cb="0"/><line nr="454" mi="7" ci="0" mb="0" cb="0"/><line nr="456" mi="2" ci="0" mb="0" cb="0"/><line nr="457" mi="2" ci="0" mb="0" cb="0"/><line nr="459" mi="10" ci="0" mb="2" cb="0"/><line nr="460" mi="8" ci="0" mb="0" cb="0"/><line nr="461" mi="2" ci="0" mb="2" cb="0"/><line nr="462" mi="12" ci="0" mb="0" cb="0"/><line nr="464" mi="1" ci="0" mb="0" cb="0"/><line nr="465" mi="1" ci="0" mb="0" cb="0"/><line nr="467" mi="8" ci="0" mb="0" cb="0"/><line nr="468" mi="1" ci="0" mb="0" cb="0"/><line nr="469" mi="1" ci="0" mb="0" cb="0"/><line nr="483" mi="0" ci="4" mb="2" cb="2"/><line nr="484" mi="5" ci="0" mb="0" cb="0"/><line nr="489" mi="0" ci="4" mb="0" cb="0"/><line nr="490" mi="0" ci="3" mb="0" cb="0"/><line nr="492" mi="0" ci="3" mb="0" cb="0"/><line nr="493" mi="0" ci="1" mb="0" cb="0"/><line nr="494" mi="0" ci="3" mb="0" cb="0"/><line nr="495" mi="0" ci="1" mb="0" cb="0"/><line nr="496" mi="0" ci="4" mb="0" cb="0"/><line nr="497" mi="0" ci="7" mb="0" cb="0"/><line nr="498" mi="0" ci="7" mb="0" cb="0"/><line nr="499" mi="0" ci="4" mb="2" cb="2"/><line nr="500" mi="0" ci="3" mb="0" cb="0"/><line nr="501" mi="0" ci="4" mb="0" cb="0"/><line nr="503" mi="5" ci="0" mb="0" cb="0"/><line nr="505" mi="0" ci="1" mb="0" cb="0"/><line nr="510" mi="0" ci="6" mb="2" cb="2"/><line nr="512" mi="0" ci="5" mb="0" cb="0"/><line nr="513" mi="1" ci="0" mb="0" cb="0"/><line nr="514" mi="0" ci="1" mb="0" cb="0"/><line nr="517" mi="0" ci="6" mb="2" cb="2"/><line nr="519" mi="0" ci="5" mb="0" cb="0"/><line nr="520" mi="1" ci="0" mb="0" cb="0"/><line nr="521" mi="0" ci="1" mb="0" cb="0"/><line nr="524" mi="0" ci="6" mb="1" cb="3"/><line nr="526" mi="0" ci="5" mb="0" cb="0"/><line nr="527" mi="1" ci="0" mb="0" cb="0"/><line nr="528" mi="0" ci="1" mb="0" cb="0"/><line nr="532" mi="0" ci="7" mb="2" cb="2"/><line nr="533" mi="0" ci="2" mb="1" cb="1"/><line nr="534" mi="0" ci="12" mb="0" cb="0"/><line nr="535" mi="0" ci="6" mb="0" cb="0"/><line nr="536" mi="0" ci="10" mb="0" cb="0"/><line nr="539" mi="0" ci="5" mb="0" cb="0"/><line nr="541" mi="0" ci="5" mb="0" cb="0"/><line nr="548" mi="4" ci="0" mb="0" cb="0"/><line nr="549" mi="7" ci="0" mb="0" cb="0"/><line nr="550" mi="2" ci="0" mb="0" cb="0"/><line nr="551" mi="2" ci="0" mb="0" cb="0"/><line nr="554" mi="5" ci="0" mb="0" cb="0"/><line nr="555" mi="4" ci="0" mb="0" cb="0"/><line nr="556" mi="3" ci="0" mb="0" cb="0"/><line nr="558" mi="1" ci="0" mb="0" cb="0"/><line nr="559" mi="2" ci="0" mb="0" cb="0"/><line nr="560" mi="4" ci="0" mb="0" cb="0"/><line nr="561" mi="4" ci="0" mb="0" cb="0"/><line nr="563" mi="10" ci="0" mb="2" cb="0"/><line nr="564" mi="7" ci="0" mb="0" cb="0"/><line nr="567" mi="4" ci="0" mb="0" cb="0"/><line nr="568" mi="2" ci="0" mb="0" cb="0"/><line nr="569" mi="2" ci="0" mb="0" cb="0"/><line nr="571" mi="4" ci="0" mb="0" cb="0"/><line nr="572" mi="4" ci="0" mb="0" cb="0"/><line nr="573" mi="10" ci="0" mb="2" cb="0"/><line nr="574" mi="5" ci="0" mb="2" cb="0"/><line nr="575" mi="4" ci="0" mb="0" cb="0"/><line nr="577" mi="7" ci="0" mb="0" cb="0"/><line nr="578" mi="3" ci="0" mb="2" cb="0"/><line nr="580" mi="2" ci="0" mb="0" cb="0"/><line nr="581" mi="2" ci="0" mb="0" cb="0"/><line nr="582" mi="10" ci="0" mb="2" cb="0"/><line nr="583" mi="6" ci="0" mb="2" cb="0"/><line nr="584" mi="3" ci="0" mb="0" cb="0"/><line nr="585" mi="2" ci="0" mb="0" cb="0"/><line nr="586" mi="1" ci="0" mb="0" cb="0"/><line nr="588" mi="1" ci="0" mb="0" cb="0"/><line nr="589" mi="2" ci="0" mb="2" cb="0"/><line nr="590" mi="4" ci="0" mb="0" cb="0"/><line nr="592" mi="13" ci="0" mb="0" cb="0"/><line nr="593" mi="1" ci="0" mb="0" cb="0"/><line nr="595" mi="3" ci="0" mb="2" cb="0"/><line nr="596" mi="13" ci="0" mb="0" cb="0"/><line nr="598" mi="1" ci="0" mb="0" cb="0"/><line nr="601" mi="4" ci="0" mb="0" cb="0"/><line nr="602" mi="10" ci="0" mb="2" cb="0"/><line nr="603" mi="4" ci="0" mb="2" cb="0"/><line nr="604" mi="12" ci="0" mb="0" cb="0"/><line nr="605" mi="5" ci="0" mb="0" cb="0"/><line nr="607" mi="1" ci="0" mb="0" cb="0"/><line nr="608" mi="3" ci="0" mb="2" cb="0"/><line nr="609" mi="10" ci="0" mb="0" cb="0"/><line nr="612" mi="8" ci="0" mb="0" cb="0"/><line nr="613" mi="1" ci="0" mb="0" cb="0"/><line nr="614" mi="1" ci="0" mb="0" cb="0"/><line nr="623" mi="4" ci="0" mb="0" cb="0"/><line nr="625" mi="2" ci="0" mb="0" cb="0"/><line nr="626" mi="7" ci="0" mb="0" cb="0"/><line nr="629" mi="2" ci="0" mb="0" cb="0"/><line nr="630" mi="3" ci="0" mb="0" cb="0"/><line nr="631" mi="9" ci="0" mb="0" cb="0"/><line nr="633" mi="3" ci="0" mb="2" cb="0"/><line nr="634" mi="2" ci="0" mb="0" cb="0"/><line nr="635" mi="5" ci="0" mb="4" cb="0"/><line nr="636" mi="2" ci="0" mb="0" cb="0"/><line nr="638" mi="4" ci="0" mb="0" cb="0"/><line nr="639" mi="5" ci="0" mb="2" cb="0"/><line nr="640" mi="7" ci="0" mb="0" cb="0"/><line nr="643" mi="7" ci="0" mb="0" cb="0"/><line nr="644" mi="2" ci="0" mb="0" cb="0"/><line nr="645" mi="1" ci="0" mb="0" cb="0"/><line nr="646" mi="2" ci="0" mb="0" cb="0"/><line nr="649" mi="4" ci="0" mb="0" cb="0"/><line nr="650" mi="4" ci="0" mb="0" cb="0"/><line nr="651" mi="3" ci="0" mb="0" cb="0"/><line nr="653" mi="10" ci="0" mb="2" cb="0"/><line nr="654" mi="13" ci="0" mb="2" cb="0"/><line nr="655" mi="7" ci="0" mb="2" cb="0"/><line nr="656" mi="7" ci="0" mb="2" cb="0"/><line nr="657" mi="9" ci="0" mb="2" cb="0"/><line nr="658" mi="3" ci="0" mb="0" cb="0"/><line nr="659" mi="3" ci="0" mb="0" cb="0"/><line nr="661" mi="2" ci="0" mb="0" cb="0"/><line nr="662" mi="3" ci="0" mb="0" cb="0"/><line nr="664" mi="12" ci="0" mb="0" cb="0"/><line nr="666" mi="4" ci="0" mb="0" cb="0"/><line nr="668" mi="8" ci="0" mb="4" cb="0"/><line nr="669" mi="5" ci="0" mb="0" cb="0"/><line nr="671" mi="4" ci="0" mb="0" cb="0"/><line nr="673" mi="1" ci="0" mb="0" cb="0"/><line nr="675" mi="8" ci="0" mb="0" cb="0"/><line nr="676" mi="3" ci="0" mb="0" cb="0"/><line nr="677" mi="3" ci="0" mb="0" cb="0"/><line nr="678" mi="4" ci="0" mb="0" cb="0"/><line nr="679" mi="2" ci="0" mb="0" cb="0"/><line nr="680" mi="1" ci="0" mb="0" cb="0"/><line nr="687" mi="4" ci="0" mb="0" cb="0"/><line nr="688" mi="10" ci="0" mb="2" cb="0"/><line nr="690" mi="5" ci="0" mb="0" cb="0"/><line nr="691" mi="5" ci="0" mb="0" cb="0"/><line nr="693" mi="7" ci="0" mb="0" cb="0"/><line nr="698" mi="3" ci="0" mb="0" cb="0"/><line nr="699" mi="3" ci="0" mb="0" cb="0"/><line nr="700" mi="1" ci="0" mb="0" cb="0"/><line nr="701" mi="2" ci="0" mb="0" cb="0"/><line nr="702" mi="4" ci="0" mb="0" cb="0"/><line nr="703" mi="10" ci="0" mb="2" cb="0"/><line nr="704" mi="13" ci="0" mb="2" cb="0"/><line nr="705" mi="7" ci="0" mb="2" cb="0"/><line nr="706" mi="7" ci="0" mb="2" cb="0"/><line nr="707" mi="9" ci="0" mb="2" cb="0"/><line nr="708" mi="3" ci="0" mb="0" cb="0"/><line nr="709" mi="3" ci="0" mb="0" cb="0"/><line nr="711" mi="2" ci="0" mb="0" cb="0"/><line nr="712" mi="3" ci="0" mb="0" cb="0"/><line nr="713" mi="15" ci="0" mb="0" cb="0"/><line nr="714" mi="3" ci="0" mb="0" cb="0"/><line nr="715" mi="1" ci="0" mb="0" cb="0"/><line nr="717" mi="7" ci="0" mb="0" cb="0"/><line nr="720" mi="1" ci="0" mb="0" cb="0"/><line nr="721" mi="2" ci="0" mb="0" cb="0"/><line nr="722" mi="4" ci="0" mb="0" cb="0"/><line nr="723" mi="10" ci="0" mb="2" cb="0"/><line nr="724" mi="13" ci="0" mb="2" cb="0"/><line nr="725" mi="7" ci="0" mb="2" cb="0"/><line nr="726" mi="7" ci="0" mb="2" cb="0"/><line nr="727" mi="9" ci="0" mb="2" cb="0"/><line nr="728" mi="3" ci="0" mb="0" cb="0"/><line nr="729" mi="3" ci="0" mb="0" cb="0"/><line nr="731" mi="2" ci="0" mb="0" cb="0"/><line nr="732" mi="3" ci="0" mb="0" cb="0"/><line nr="733" mi="15" ci="0" mb="0" cb="0"/><line nr="734" mi="3" ci="0" mb="0" cb="0"/><line nr="735" mi="1" ci="0" mb="0" cb="0"/><line nr="737" mi="8" ci="0" mb="0" cb="0"/><line nr="738" mi="3" ci="0" mb="0" cb="0"/><line nr="739" mi="1" ci="0" mb="0" cb="0"/><line nr="740" mi="1" ci="0" mb="0" cb="0"/><line nr="750" mi="4" ci="0" mb="0" cb="0"/><line nr="751" mi="4" ci="0" mb="4" cb="0"/><line nr="752" mi="6" ci="0" mb="0" cb="0"/><line nr="754" mi="4" ci="0" mb="0" cb="0"/><line nr="755" mi="1" ci="0" mb="0" cb="0"/><line nr="756" mi="2" ci="0" mb="0" cb="0"/><line nr="758" mi="5" ci="0" mb="0" cb="0"/><line nr="765" mi="4" ci="0" mb="0" cb="0"/><line nr="766" mi="4" ci="0" mb="0" cb="0"/><line nr="767" mi="3" ci="0" mb="0" cb="0"/><line nr="769" mi="2" ci="0" mb="0" cb="0"/><line nr="770" mi="2" ci="0" mb="0" cb="0"/><line nr="772" mi="4" ci="0" mb="0" cb="0"/><line nr="773" mi="2" ci="0" mb="0" cb="0"/><line nr="774" mi="2" ci="0" mb="0" cb="0"/><line nr="776" mi="10" ci="0" mb="2" cb="0"/><line nr="777" mi="7" ci="0" mb="0" cb="0"/><line nr="778" mi="1" ci="0" mb="0" cb="0"/><line nr="779" mi="7" ci="0" mb="2" cb="0"/><line nr="780" mi="8" ci="0" mb="0" cb="0"/><line nr="781" mi="4" ci="0" mb="2" cb="0"/><line nr="782" mi="4" ci="0" mb="0" cb="0"/><line nr="783" mi="3" ci="0" mb="2" cb="0"/><line nr="784" mi="6" ci="0" mb="0" cb="0"/><line nr="786" mi="4" ci="0" mb="0" cb="0"/><line nr="787" mi="3" ci="0" mb="0" cb="0"/><line nr="789" mi="2" ci="0" mb="0" cb="0"/><line nr="790" mi="2" ci="0" mb="0" cb="0"/><line nr="792" mi="4" ci="0" mb="0" cb="0"/><line nr="793" mi="10" ci="0" mb="2" cb="0"/><line nr="794" mi="7" ci="0" mb="0" cb="0"/><line nr="795" mi="1" ci="0" mb="0" cb="0"/><line nr="797" mi="11" ci="0" mb="0" cb="0"/><line nr="798" mi="1" ci="0" mb="0" cb="0"/><line nr="800" mi="4" ci="0" mb="0" cb="0"/><line nr="802" mi="12" ci="0" mb="0" cb="0"/><line nr="803" mi="7" ci="0" mb="0" cb="0"/><line nr="804" mi="3" ci="0" mb="0" cb="0"/><line nr="805" mi="7" ci="0" mb="0" cb="0"/><line nr="806" mi="3" ci="0" mb="0" cb="0"/><line nr="807" mi="3" ci="0" mb="0" cb="0"/><line nr="808" mi="3" ci="0" mb="0" cb="0"/><line nr="809" mi="4" ci="0" mb="0" cb="0"/><line nr="810" mi="4" ci="0" mb="0" cb="0"/><line nr="811" mi="1" ci="0" mb="0" cb="0"/><line nr="812" mi="1" ci="0" mb="0" cb="0"/><line nr="823" mi="4" ci="0" mb="0" cb="0"/><line nr="824" mi="7" ci="0" mb="0" cb="0"/><line nr="825" mi="15" ci="0" mb="8" cb="0"/><line nr="826" mi="9" ci="0" mb="2" cb="0"/><line nr="827" mi="5" ci="0" mb="0" cb="0"/><line nr="829" mi="6" ci="0" mb="2" cb="0"/><line nr="830" mi="4" ci="0" mb="0" cb="0"/><line nr="831" mi="4" ci="0" mb="0" cb="0"/><line nr="833" mi="4" ci="0" mb="0" cb="0"/><line nr="834" mi="3" ci="0" mb="0" cb="0"/><line nr="836" mi="5" ci="0" mb="0" cb="0"/><line nr="838" mi="4" ci="0" mb="0" cb="0"/><line nr="839" mi="4" ci="0" mb="0" cb="0"/><line nr="840" mi="3" ci="0" mb="0" cb="0"/><line nr="841" mi="4" ci="0" mb="0" cb="0"/><line nr="842" mi="3" ci="0" mb="0" cb="0"/><line nr="843" mi="4" ci="0" mb="0" cb="0"/><line nr="845" mi="5" ci="0" mb="0" cb="0"/><line nr="852" mi="4" ci="0" mb="0" cb="0"/><line nr="853" mi="7" ci="0" mb="0" cb="0"/><line nr="854" mi="2" ci="0" mb="0" cb="0"/><line nr="855" mi="2" ci="0" mb="0" cb="0"/><line nr="857" mi="4" ci="0" mb="0" cb="0"/><line nr="858" mi="2" ci="0" mb="0" cb="0"/><line nr="859" mi="2" ci="0" mb="0" cb="0"/><line nr="860" mi="2" ci="0" mb="0" cb="0"/><line nr="861" mi="10" ci="0" mb="2" cb="0"/><line nr="862" mi="4" ci="0" mb="0" cb="0"/><line nr="863" mi="13" ci="0" mb="0" cb="0"/><line nr="864" mi="8" ci="0" mb="0" cb="0"/><line nr="865" mi="3" ci="0" mb="2" cb="0"/><line nr="866" mi="4" ci="0" mb="0" cb="0"/><line nr="867" mi="9" ci="0" mb="0" cb="0"/><line nr="869" mi="2" ci="0" mb="0" cb="0"/><line nr="870" mi="6" ci="0" mb="2" cb="0"/><line nr="871" mi="3" ci="0" mb="0" cb="0"/><line nr="872" mi="6" ci="0" mb="2" cb="0"/><line nr="873" mi="3" ci="0" mb="0" cb="0"/><line nr="874" mi="6" ci="0" mb="2" cb="0"/><line nr="875" mi="3" ci="0" mb="0" cb="0"/><line nr="876" mi="6" ci="0" mb="2" cb="0"/><line nr="877" mi="3" ci="0" mb="0" cb="0"/><line nr="878" mi="6" ci="0" mb="2" cb="0"/><line nr="879" mi="2" ci="0" mb="0" cb="0"/><line nr="880" mi="7" ci="0" mb="0" cb="0"/><line nr="882" mi="1" ci="0" mb="0" cb="0"/><line nr="884" mi="15" ci="0" mb="2" cb="0"/><line nr="885" mi="15" ci="0" mb="2" cb="0"/><line nr="886" mi="2" ci="0" mb="0" cb="0"/><line nr="887" mi="2" ci="0" mb="2" cb="0"/><line nr="888" mi="4" ci="0" mb="2" cb="0"/><line nr="889" mi="3" ci="0" mb="0" cb="0"/><line nr="890" mi="4" ci="0" mb="2" cb="0"/><line nr="891" mi="3" ci="0" mb="0" cb="0"/><line nr="892" mi="4" ci="0" mb="2" cb="0"/><line nr="893" mi="3" ci="0" mb="0" cb="0"/><line nr="894" mi="4" ci="0" mb="2" cb="0"/><line nr="895" mi="3" ci="0" mb="0" cb="0"/><line nr="896" mi="4" ci="0" mb="2" cb="0"/><line nr="897" mi="3" ci="0" mb="0" cb="0"/><line nr="899" mi="2" ci="0" mb="0" cb="0"/><line nr="902" mi="8" ci="0" mb="0" cb="0"/><line nr="903" mi="4" ci="0" mb="0" cb="0"/><line nr="904" mi="4" ci="0" mb="0" cb="0"/><line nr="905" mi="4" ci="0" mb="0" cb="0"/><line nr="906" mi="3" ci="0" mb="0" cb="0"/><line nr="907" mi="1" ci="0" mb="0" cb="0"/><line nr="908" mi="1" ci="0" mb="0" cb="0"/><line nr="915" mi="7" ci="0" mb="0" cb="0"/><line nr="916" mi="1" ci="0" mb="0" cb="0"/><line nr="917" mi="2" ci="0" mb="0" cb="0"/><line nr="919" mi="4" ci="0" mb="0" cb="0"/><line nr="920" mi="2" ci="0" mb="0" cb="0"/><line nr="921" mi="2" ci="0" mb="0" cb="0"/><line nr="922" mi="2" ci="0" mb="0" cb="0"/><line nr="923" mi="10" ci="0" mb="2" cb="0"/><line nr="924" mi="4" ci="0" mb="0" cb="0"/><line nr="925" mi="10" ci="0" mb="0" cb="0"/><line nr="926" mi="9" ci="0" mb="0" cb="0"/><line nr="927" mi="4" ci="0" mb="0" cb="0"/><line nr="928" mi="3" ci="0" mb="2" cb="0"/><line nr="929" mi="4" ci="0" mb="0" cb="0"/><line nr="930" mi="9" ci="0" mb="0" cb="0"/><line nr="931" mi="14" ci="0" mb="2" cb="0"/><line nr="933" mi="1" ci="0" mb="0" cb="0"/><line nr="935" mi="15" ci="0" mb="2" cb="0"/><line nr="936" mi="15" ci="0" mb="2" cb="0"/><line nr="937" mi="2" ci="0" mb="0" cb="0"/><line nr="938" mi="2" ci="0" mb="2" cb="0"/><line nr="939" mi="4" ci="0" mb="2" cb="0"/><line nr="940" mi="3" ci="0" mb="0" cb="0"/><line nr="941" mi="4" ci="0" mb="2" cb="0"/><line nr="942" mi="3" ci="0" mb="0" cb="0"/><line nr="943" mi="4" ci="0" mb="2" cb="0"/><line nr="944" mi="3" ci="0" mb="0" cb="0"/><line nr="945" mi="4" ci="0" mb="2" cb="0"/><line nr="946" mi="3" ci="0" mb="0" cb="0"/><line nr="947" mi="4" ci="0" mb="2" cb="0"/><line nr="948" mi="3" ci="0" mb="0" cb="0"/><line nr="950" mi="2" ci="0" mb="0" cb="0"/><line nr="953" mi="4" ci="0" mb="0" cb="0"/><line nr="954" mi="5" ci="0" mb="0" cb="0"/><line nr="955" mi="6" ci="0" mb="0" cb="0"/><line nr="956" mi="6" ci="0" mb="0" cb="0"/><line nr="957" mi="6" ci="0" mb="0" cb="0"/><line nr="958" mi="5" ci="0" mb="0" cb="0"/><line nr="960" mi="4" ci="0" mb="0" cb="0"/><line nr="975" mi="6" ci="0" mb="2" cb="0"/><line nr="976" mi="5" ci="0" mb="0" cb="0"/><line nr="977" mi="2" ci="0" mb="0" cb="0"/><line nr="979" mi="7" ci="0" mb="4" cb="0"/><line nr="980" mi="3" ci="0" mb="0" cb="0"/><line nr="981" mi="7" ci="0" mb="4" cb="0"/><line nr="982" mi="2" ci="0" mb="0" cb="0"/><line nr="985" mi="2" ci="0" mb="2" cb="0"/><line nr="986" mi="3" ci="0" mb="0" cb="0"/><line nr="987" mi="3" ci="0" mb="0" cb="0"/><line nr="988" mi="3" ci="0" mb="0" cb="0"/><line nr="989" mi="5" ci="0" mb="4" cb="0"/><line nr="990" mi="3" ci="0" mb="0" cb="0"/><line nr="991" mi="5" ci="0" mb="4" cb="0"/><line nr="992" mi="3" ci="0" mb="0" cb="0"/><line nr="994" mi="5" ci="0" mb="0" cb="0"/><line nr="997" mi="12" ci="0" mb="0" cb="0"/><line nr="998" mi="12" ci="0" mb="0" cb="0"/><line nr="1012" mi="7" ci="0" mb="0" cb="0"/><line nr="1013" mi="2" ci="0" mb="2" cb="0"/><line nr="1014" mi="3" ci="0" mb="0" cb="0"/><line nr="1015" mi="3" ci="0" mb="0" cb="0"/><line nr="1016" mi="3" ci="0" mb="0" cb="0"/><line nr="1017" mi="3" ci="0" mb="0" cb="0"/><line nr="1018" mi="3" ci="0" mb="0" cb="0"/><line nr="1019" mi="5" ci="0" mb="0" cb="0"/><line nr="1021" mi="5" ci="0" mb="0" cb="0"/><line nr="1029" mi="7" ci="0" mb="0" cb="0"/><line nr="1030" mi="8" ci="0" mb="6" cb="0"/><line nr="1031" mi="3" ci="0" mb="0" cb="0"/><line nr="1032" mi="5" ci="0" mb="0" cb="0"/><line nr="1034" mi="5" ci="0" mb="0" cb="0"/><line nr="1046" mi="7" ci="0" mb="0" cb="0"/><line nr="1047" mi="2" ci="0" mb="2" cb="0"/><line nr="1048" mi="3" ci="0" mb="0" cb="0"/><line nr="1049" mi="3" ci="0" mb="0" cb="0"/><line nr="1050" mi="3" ci="0" mb="0" cb="0"/><line nr="1051" mi="5" ci="0" mb="0" cb="0"/><line nr="1053" mi="5" ci="0" mb="0" cb="0"/><line nr="1062" mi="2" ci="0" mb="0" cb="0"/><line nr="1063" mi="3" ci="0" mb="0" cb="0"/><line nr="1064" mi="3" ci="0" mb="0" cb="0"/><line nr="1065" mi="3" ci="0" mb="0" cb="0"/><line nr="1066" mi="3" ci="0" mb="0" cb="0"/><line nr="1067" mi="1" ci="0" mb="0" cb="0"/><line nr="1070" mi="3" ci="0" mb="2" cb="0"/><line nr="1071" mi="2" ci="0" mb="0" cb="0"/><line nr="1072" mi="6" ci="0" mb="2" cb="0"/><line nr="1073" mi="3" ci="0" mb="0" cb="0"/><line nr="1074" mi="6" ci="0" mb="2" cb="0"/><line nr="1075" mi="3" ci="0" mb="0" cb="0"/><line nr="1076" mi="6" ci="0" mb="2" cb="0"/><line nr="1077" mi="3" ci="0" mb="0" cb="0"/><line nr="1078" mi="6" ci="0" mb="2" cb="0"/><line nr="1079" mi="3" ci="0" mb="0" cb="0"/><line nr="1080" mi="6" ci="0" mb="2" cb="0"/><line nr="1081" mi="3" ci="0" mb="0" cb="0"/><line nr="1082" mi="3" ci="0" mb="0" cb="0"/><line nr="1086" mi="3" ci="0" mb="2" cb="0"/><line nr="1087" mi="2" ci="0" mb="0" cb="0"/><line nr="1088" mi="6" ci="0" mb="2" cb="0"/><line nr="1089" mi="2" ci="0" mb="0" cb="0"/><line nr="1090" mi="6" ci="0" mb="2" cb="0"/><line nr="1091" mi="2" ci="0" mb="0" cb="0"/><line nr="1092" mi="6" ci="0" mb="2" cb="0"/><line nr="1093" mi="2" ci="0" mb="0" cb="0"/><line nr="1094" mi="6" ci="0" mb="2" cb="0"/><line nr="1095" mi="2" ci="0" mb="0" cb="0"/><line nr="1096" mi="6" ci="0" mb="2" cb="0"/><line nr="1097" mi="2" ci="0" mb="0" cb="0"/><line nr="1098" mi="2" ci="0" mb="0" cb="0"/><line nr="1102" mi="3" ci="0" mb="2" cb="0"/><line nr="1103" mi="2" ci="0" mb="0" cb="0"/><line nr="1104" mi="6" ci="0" mb="2" cb="0"/><line nr="1105" mi="2" ci="0" mb="0" cb="0"/><line nr="1106" mi="6" ci="0" mb="2" cb="0"/><line nr="1107" mi="2" ci="0" mb="0" cb="0"/><line nr="1108" mi="2" ci="0" mb="0" cb="0"/><line nr="1120" mi="2" ci="0" mb="0" cb="0"/><line nr="1121" mi="3" ci="0" mb="0" cb="0"/><line nr="1122" mi="3" ci="0" mb="0" cb="0"/><line nr="1123" mi="3" ci="0" mb="0" cb="0"/><line nr="1124" mi="3" ci="0" mb="0" cb="0"/><line nr="1125" mi="4" ci="0" mb="0" cb="0"/><line nr="1126" mi="4" ci="0" mb="0" cb="0"/><line nr="1127" mi="1" ci="0" mb="0" cb="0"/><line nr="1130" mi="7" ci="0" mb="4" cb="0"/><line nr="1131" mi="3" ci="0" mb="0" cb="0"/><line nr="1132" mi="2" ci="0" mb="0" cb="0"/><line nr="1133" mi="2" ci="0" mb="0" cb="0"/><line nr="1134" mi="11" ci="0" mb="2" cb="0"/><line nr="1135" mi="3" ci="0" mb="2" cb="0"/><line nr="1136" mi="10" ci="0" mb="0" cb="0"/><line nr="1137" mi="5" ci="0" mb="0" cb="0"/><line nr="1139" mi="1" ci="0" mb="0" cb="0"/><line nr="1140" mi="16" ci="0" mb="2" cb="0"/><line nr="1144" mi="7" ci="0" mb="4" cb="0"/><line nr="1145" mi="3" ci="0" mb="0" cb="0"/><line nr="1146" mi="2" ci="0" mb="0" cb="0"/><line nr="1147" mi="2" ci="0" mb="0" cb="0"/><line nr="1148" mi="11" ci="0" mb="2" cb="0"/><line nr="1149" mi="3" ci="0" mb="2" cb="0"/><line nr="1150" mi="10" ci="0" mb="0" cb="0"/><line nr="1151" mi="5" ci="0" mb="0" cb="0"/><line nr="1153" mi="1" ci="0" mb="0" cb="0"/><line nr="1154" mi="16" ci="0" mb="2" cb="0"/><line nr="1167" mi="2" ci="0" mb="0" cb="0"/><line nr="1168" mi="3" ci="0" mb="0" cb="0"/><line nr="1169" mi="3" ci="0" mb="0" cb="0"/><line nr="1170" mi="3" ci="0" mb="0" cb="0"/><line nr="1171" mi="3" ci="0" mb="0" cb="0"/><line nr="1172" mi="3" ci="0" mb="0" cb="0"/><line nr="1173" mi="3" ci="0" mb="0" cb="0"/><line nr="1174" mi="3" ci="0" mb="0" cb="0"/><line nr="1175" mi="1" ci="0" mb="0" cb="0"/><line nr="1178" mi="2" ci="0" mb="0" cb="0"/><line nr="1179" mi="3" ci="0" mb="0" cb="0"/><line nr="1180" mi="3" ci="0" mb="0" cb="0"/><line nr="1181" mi="3" ci="0" mb="0" cb="0"/><line nr="1182" mi="3" ci="0" mb="0" cb="0"/><line nr="1183" mi="3" ci="0" mb="0" cb="0"/><line nr="1184" mi="3" ci="0" mb="0" cb="0"/><line nr="1185" mi="3" ci="0" mb="0" cb="0"/><line nr="1186" mi="1" ci="0" mb="0" cb="0"/><line nr="1189" mi="11" ci="0" mb="2" cb="0"/><line nr="1203" mi="2" ci="0" mb="0" cb="0"/><line nr="1204" mi="3" ci="0" mb="0" cb="0"/><line nr="1205" mi="3" ci="0" mb="0" cb="0"/><line nr="1206" mi="3" ci="0" mb="0" cb="0"/><line nr="1207" mi="3" ci="0" mb="0" cb="0"/><line nr="1208" mi="3" ci="0" mb="0" cb="0"/><line nr="1209" mi="3" ci="0" mb="0" cb="0"/><line nr="1210" mi="3" ci="0" mb="0" cb="0"/><line nr="1211" mi="1" ci="0" mb="0" cb="0"/><line nr="1214" mi="3" ci="0" mb="2" cb="0"/><line nr="1215" mi="2" ci="0" mb="0" cb="0"/><line nr="1216" mi="6" ci="0" mb="2" cb="0"/><line nr="1217" mi="3" ci="0" mb="0" cb="0"/><line nr="1218" mi="6" ci="0" mb="2" cb="0"/><line nr="1219" mi="3" ci="0" mb="0" cb="0"/><line nr="1220" mi="6" ci="0" mb="2" cb="0"/><line nr="1221" mi="3" ci="0" mb="0" cb="0"/><line nr="1222" mi="6" ci="0" mb="2" cb="0"/><line nr="1223" mi="3" ci="0" mb="0" cb="0"/><line nr="1224" mi="6" ci="0" mb="2" cb="0"/><line nr="1225" mi="3" ci="0" mb="0" cb="0"/><line nr="1226" mi="3" ci="0" mb="0" cb="0"/><line nr="1230" mi="3" ci="0" mb="2" cb="0"/><line nr="1231" mi="2" ci="0" mb="0" cb="0"/><line nr="1232" mi="6" ci="0" mb="2" cb="0"/><line nr="1233" mi="2" ci="0" mb="0" cb="0"/><line nr="1234" mi="6" ci="0" mb="2" cb="0"/><line nr="1235" mi="2" ci="0" mb="0" cb="0"/><line nr="1236" mi="6" ci="0" mb="2" cb="0"/><line nr="1237" mi="2" ci="0" mb="0" cb="0"/><line nr="1238" mi="6" ci="0" mb="2" cb="0"/><line nr="1239" mi="2" ci="0" mb="0" cb="0"/><line nr="1240" mi="6" ci="0" mb="2" cb="0"/><line nr="1241" mi="2" ci="0" mb="0" cb="0"/><line nr="1242" mi="2" ci="0" mb="0" cb="0"/><line nr="1246" mi="3" ci="0" mb="2" cb="0"/><line nr="1247" mi="2" ci="0" mb="0" cb="0"/><line nr="1248" mi="6" ci="0" mb="2" cb="0"/><line nr="1249" mi="2" ci="0" mb="0" cb="0"/><line nr="1250" mi="6" ci="0" mb="2" cb="0"/><line nr="1251" mi="2" ci="0" mb="0" cb="0"/><line nr="1252" mi="2" ci="0" mb="0" cb="0"/><line nr="1262" mi="2" ci="0" mb="0" cb="0"/><line nr="1263" mi="3" ci="0" mb="0" cb="0"/><line nr="1264" mi="3" ci="0" mb="0" cb="0"/><line nr="1265" mi="3" ci="0" mb="0" cb="0"/><line nr="1266" mi="3" ci="0" mb="0" cb="0"/><line nr="1267" mi="1" ci="0" mb="0" cb="0"/><line nr="1281" mi="2" ci="0" mb="0" cb="0"/><line nr="1282" mi="3" ci="0" mb="0" cb="0"/><line nr="1283" mi="3" ci="0" mb="0" cb="0"/><line nr="1284" mi="3" ci="0" mb="0" cb="0"/><line nr="1285" mi="3" ci="0" mb="0" cb="0"/><line nr="1286" mi="3" ci="0" mb="0" cb="0"/><line nr="1287" mi="3" ci="0" mb="0" cb="0"/><line nr="1288" mi="3" ci="0" mb="0" cb="0"/><line nr="1289" mi="3" ci="0" mb="0" cb="0"/><line nr="1290" mi="1" ci="0" mb="0" cb="0"/><line nr="1293" mi="3" ci="0" mb="2" cb="0"/><line nr="1294" mi="2" ci="0" mb="0" cb="0"/><line nr="1295" mi="6" ci="0" mb="2" cb="0"/><line nr="1296" mi="3" ci="0" mb="0" cb="0"/><line nr="1297" mi="6" ci="0" mb="2" cb="0"/><line nr="1298" mi="3" ci="0" mb="0" cb="0"/><line nr="1299" mi="6" ci="0" mb="2" cb="0"/><line nr="1300" mi="3" ci="0" mb="0" cb="0"/><line nr="1301" mi="6" ci="0" mb="2" cb="0"/><line nr="1302" mi="3" ci="0" mb="0" cb="0"/><line nr="1303" mi="6" ci="0" mb="2" cb="0"/><line nr="1304" mi="3" ci="0" mb="0" cb="0"/><line nr="1305" mi="3" ci="0" mb="0" cb="0"/><line nr="1309" mi="3" ci="0" mb="2" cb="0"/><line nr="1310" mi="2" ci="0" mb="0" cb="0"/><line nr="1311" mi="6" ci="0" mb="2" cb="0"/><line nr="1312" mi="2" ci="0" mb="0" cb="0"/><line nr="1313" mi="6" ci="0" mb="2" cb="0"/><line nr="1314" mi="2" ci="0" mb="0" cb="0"/><line nr="1315" mi="6" ci="0" mb="2" cb="0"/><line nr="1316" mi="2" ci="0" mb="0" cb="0"/><line nr="1317" mi="6" ci="0" mb="2" cb="0"/><line nr="1318" mi="2" ci="0" mb="0" cb="0"/><line nr="1319" mi="6" ci="0" mb="2" cb="0"/><line nr="1320" mi="2" ci="0" mb="0" cb="0"/><line nr="1321" mi="2" ci="0" mb="0" cb="0"/><line nr="1325" mi="3" ci="0" mb="2" cb="0"/><line nr="1326" mi="2" ci="0" mb="0" cb="0"/><line nr="1327" mi="6" ci="0" mb="2" cb="0"/><line nr="1328" mi="2" ci="0" mb="0" cb="0"/><line nr="1329" mi="6" ci="0" mb="2" cb="0"/><line nr="1330" mi="2" ci="0" mb="0" cb="0"/><line nr="1331" mi="2" ci="0" mb="0" cb="0"/><line nr="1340" mi="2" ci="0" mb="0" cb="0"/><line nr="1341" mi="3" ci="0" mb="0" cb="0"/><line nr="1342" mi="3" ci="0" mb="0" cb="0"/><line nr="1343" mi="3" ci="0" mb="0" cb="0"/><line nr="1344" mi="1" ci="0" mb="0" cb="0"/><line nr="1354" mi="2" ci="0" mb="0" cb="0"/><line nr="1355" mi="3" ci="0" mb="0" cb="0"/><line nr="1356" mi="3" ci="0" mb="0" cb="0"/><line nr="1357" mi="3" ci="0" mb="0" cb="0"/><line nr="1358" mi="3" ci="0" mb="0" cb="0"/><line nr="1359" mi="1" ci="0" mb="0" cb="0"/><line nr="1362" mi="9" ci="0" mb="0" cb="0"/><line nr="1363" mi="2" ci="0" mb="0" cb="0"/><line nr="1367" mi="9" ci="0" mb="0" cb="0"/><line nr="1368" mi="2" ci="0" mb="0" cb="0"/><line nr="1372" mi="10" ci="0" mb="0" cb="0"/><line nr="1379" mi="2" ci="0" mb="0" cb="0"/><line nr="1380" mi="3" ci="0" mb="0" cb="0"/><line nr="1381" mi="1" ci="0" mb="0" cb="0"/><line nr="1384" mi="4" ci="0" mb="0" cb="0"/><line nr="1388" mi="4" ci="0" mb="0" cb="0"/><line nr="1392" mi="11" ci="0" mb="0" cb="0"/><counter type="INSTRUCTION" missed="2929" covered="745"/><counter type="BRANCH" missed="376" covered="64"/><counter type="LINE" missed="670" covered="159"/><counter type="COMPLEXITY" missed="246" covered="24"/><counter type="METHOD" missed="45" covered="5"/><counter type="CLASS" missed="9" covered="1"/></sourcefile><counter type="INSTRUCTION" missed="2929" covered="745"/><counter type="BRANCH" missed="376" covered="64"/><counter type="LINE" missed="670" covered="159"/><counter type="COMPLEXITY" missed="246" covered="24"/><counter type="METHOD" missed="45" covered="5"/><counter type="CLASS" missed="9" covered="1"/></package><package name="com/example/studentgrade/service"><class name="com/example/studentgrade/service/UserResource" sourcefilename="UserResource.java"><method name="&lt;init&gt;" desc="()V" line="19"><counter type="INSTRUCTION" missed="3" covered="0"/><counter type="LINE" missed="1" covered="0"/><counter type="COMPLEXITY" missed="1" covered="0"/><counter type="METHOD" missed="1" covered="0"/></method><method name="getUsers" desc="(Ljava/lang/String;Ljava/lang/String;I)Ljava/lang/String;" line="33"><counter type="INSTRUCTION" missed="163" covered="0"/><counter type="BRANCH" missed="22" covered="0"/><counter type="LINE" missed="37" covered="0"/><counter type="COMPLEXITY" missed="12" covered="0"/><counter type="METHOD" missed="1" covered="0"/></method><method name="addUser" desc="(Ljava/lang/String;Ljava/lang/String;Ljava/lang/String;Ljava/lang/String;Ljava/lang/String;Ljava/lang/String;)Ljakarta/ws/rs/core/Response;" line="100"><counter type="INSTRUCTION" missed="49" covered="0"/><counter type="LINE" missed="15" covered="0"/><counter type="COMPLEXITY" missed="1" covered="0"/><counter type="METHOD" missed="1" covered="0"/></method><method name="deleteUser" desc="(Ljava/lang/Long;)Ljakarta/ws/rs/core/Response;" line="122"><counter type="INSTRUCTION" missed="9" covered="0"/><counter type="LINE" missed="2" covered="0"/><counter type="COMPLEXITY" missed="1" covered="0"/><counter type="METHOD" missed="1" covered="0"/></method><counter type="INSTRUCTION" missed="224" covered="0"/><counter type="BRANCH" missed="22" covered="0"/><counter type="LINE" missed="55" covered="0"/><counter type="COMPLEXITY" missed="15" covered="0"/><counter type="METHOD" missed="4" covered="0"/><counter type="CLASS" missed="1" covered="0"/></class><class name="com/example/studentgrade/service/StudentService" sourcefilename="StudentService.java"><method name="&lt;init&gt;" desc="()V" line="12"><counter type="INSTRUCTION" missed="0" covered="3"/><counter type="LINE" missed="0" covered="1"/><counter type="COMPLEXITY" missed="0" covered="1"/><counter type="METHOD" missed="0" covered="1"/></method><method name="getAllUsers" desc="()Ljava/util/List;" line="18"><counter type="INSTRUCTION" missed="4" covered="0"/><counter type="LINE" missed="1" covered="0"/><counter type="COMPLEXITY" missed="1" covered="0"/><counter type="METHOD" missed="1" covered="0"/></method><method name="searchUsers" desc="(Ljava/lang/String;)Ljava/util/List;" line="22"><counter type="INSTRUCTION" missed="28" covered="0"/><counter type="LINE" missed="3" covered="0"/><counter type="COMPLEXITY" missed="1" covered="0"/><counter type="METHOD" missed="1" covered="0"/></method><method name="saveUser" desc="(Lcom/example/studentgrade/model/Student;)V" line="30"><counter type="INSTRUCTION" missed="0" covered="5"/><counter type="LINE" missed="0" covered="2"/><counter type="COMPLEXITY" missed="0" covered="1"/><counter type="METHOD" missed="0" covered="1"/></method><method name="updateUser" desc="(Ljava/lang/Long;Lcom/example/studentgrade/model/Student;)V" line="35"><counter type="INSTRUCTION" missed="25" covered="0"/><counter type="BRANCH" missed="2" covered="0"/><counter type="LINE" missed="7" covered="0"/><counter type="COMPLEXITY" missed="2" covered="0"/><counter type="METHOD" missed="1" covered="0"/></method><method name="deleteUser" desc="(Ljava/lang/Long;)V" line="46"><counter type="INSTRUCTION" missed="6" covered="0"/><counter type="LINE" missed="2" covered="0"/><counter type="COMPLEXITY" missed="1" covered="0"/><counter type="METHOD" missed="1" covered="0"/></method><method name="getTotalUsers" desc="()J" line="50"><counter type="INSTRUCTION" missed="0" covered="4"/><counter type="LINE" missed="0" covered="1"/><counter type="COMPLEXITY" missed="0" covered="1"/><counter type="METHOD" missed="0" covered="1"/></method><counter type="INSTRUCTION" missed="63" covered="12"/><counter type="BRANCH" missed="2" covered="0"/><counter type="LINE" missed="13" covered="4"/><counter type="COMPLEXITY" missed="5" covered="3"/><counter type="METHOD" missed="4" covered="3"/><counter type="CLASS" missed="0" covered="1"/></class><class name="com/example/studentgrade/service/ClassroomService" sourcefilename="ClassroomService.java"><method name="&lt;init&gt;" desc="()V" line="15"><counter type="INSTRUCTION" missed="3" covered="0"/><counter type="LINE" missed="1" covered="0"/><counter type="COMPLEXITY" missed="1" covered="0"/><counter type="METHOD" missed="1" covered="0"/></method><method name="getTeacherByUsername" desc="(Ljava/lang/String;)Lcom/example/studentgrade/model/Student;" line="22"><counter type="INSTRUCTION" missed="30" covered="0"/><counter type="LINE" missed="9" covered="0"/><counter type="COMPLEXITY" missed="1" covered="0"/><counter type="METHOD" missed="1" covered="0"/></method><method name="countClassesByTeacher" desc="(Ljava/lang/Long;Ljava/lang/Long;Ljava/lang/Long;)Ljava/lang/Long;" line="35"><counter type="INSTRUCTION" missed="59" covered="0"/><counter type="BRANCH" missed="16" covered="0"/><counter type="LINE" missed="11" covered="0"/><counter type="COMPLEXITY" missed="9" covered="0"/><counter type="METHOD" missed="1" covered="0"/></method><method name="getClassesByTeacher" desc="(Ljava/lang/Long;Ljava/lang/Long;Ljava/lang/Long;II)Ljava/util/List;" line="52"><counter type="INSTRUCTION" missed="69" covered="0"/><counter type="BRANCH" missed="16" covered="0"/><counter type="LINE" missed="14" covered="0"/><counter type="COMPLEXITY" missed="9" covered="0"/><counter type="METHOD" missed="1" covered="0"/></method><method name="getSubjectsByTeacher" desc="(Ljava/lang/Long;)Ljava/util/List;" line="71"><counter type="INSTRUCTION" missed="10" covered="0"/><counter type="LINE" missed="3" covered="0"/><counter type="COMPLEXITY" missed="1" covered="0"/><counter type="METHOD" missed="1" covered="0"/></method><method name="getAllSemesters" desc="()Ljava/util/List;" line="79"><counter type="INSTRUCTION" missed="7" covered="0"/><counter type="LINE" missed="2" covered="0"/><counter type="COMPLEXITY" missed="1" covered="0"/><counter type="METHOD" missed="1" covered="0"/></method><method name="addClassroom" desc="(Ljava/lang/String;Ljava/lang/Long;Ljava/lang/String;Ljava/lang/String;Ljava/lang/Long;Ljava/lang/String;)V" line="86"><counter type="INSTRUCTION" missed="43" covered="0"/><counter type="BRANCH" missed="4" covered="0"/><counter type="LINE" missed="11" covered="0"/><counter type="COMPLEXITY" missed="3" covered="0"/><counter type="METHOD" missed="1" covered="0"/></method><method name="deleteClassroom" desc="(Ljava/lang/String;Ljava/lang/Long;)V" line="103"><counter type="INSTRUCTION" missed="26" covered="0"/><counter type="BRANCH" missed="6" covered="0"/><counter type="LINE" missed="5" covered="0"/><counter type="COMPLEXITY" missed="4" covered="0"/><counter type="METHOD" missed="1" covered="0"/></method><method name="editClassroom" desc="(Ljava/lang/String;Ljava/lang/Long;Ljava/lang/String;Ljava/lang/Long;Ljava/lang/String;)V" line="112"><counter type="INSTRUCTION" missed="37" covered="0"/><counter type="BRANCH" missed="6" covered="0"/><counter type="LINE" missed="8" covered="0"/><counter type="COMPLEXITY" missed="4" covered="0"/><counter type="METHOD" missed="1" covered="0"/></method><method name="setSemesterInfo" desc="(Lcom/example/studentgrade/model/Classroom;Ljava/lang/Long;)V" line="123"><counter type="INSTRUCTION" missed="66" covered="0"/><counter type="BRANCH" missed="8" covered="0"/><counter type="LINE" missed="15" covered="0"/><counter type="COMPLEXITY" missed="5" covered="0"/><counter type="METHOD" missed="1" covered="0"/></method><counter type="INSTRUCTION" missed="350" covered="0"/><counter type="BRANCH" missed="56" covered="0"/><counter type="LINE" missed="79" covered="0"/><counter type="COMPLEXITY" missed="38" covered="0"/><counter type="METHOD" missed="10" covered="0"/><counter type="CLASS" missed="1" covered="0"/></class><class name="com/example/studentgrade/service/TuitionResource" sourcefilename="TuitionResource.java"><method name="&lt;init&gt;" desc="()V" line="17"><counter type="INSTRUCTION" missed="3" covered="0"/><counter type="LINE" missed="1" covered="0"/><counter type="COMPLEXITY" missed="1" covered="0"/><counter type="METHOD" missed="1" covered="0"/></method><method name="getTuitionPage" desc="(Ljava/lang/String;Ljava/lang/String;Ljava/lang/String;I)Ljava/lang/String;" line="32"><counter type="INSTRUCTION" missed="410" covered="0"/><counter type="BRANCH" missed="42" covered="0"/><counter type="LINE" missed="80" covered="0"/><counter type="COMPLEXITY" missed="22" covered="0"/><counter type="METHOD" missed="1" covered="0"/></method><method name="recordPayment" desc="(Ljava/lang/Long;Ljava/lang/Double;Ljava/lang/String;Ljava/lang/Long;)Ljakarta/ws/rs/core/Response;" line="150"><counter type="INSTRUCTION" missed="95" covered="0"/><counter type="BRANCH" missed="14" covered="0"/><counter type="LINE" missed="20" covered="0"/><counter type="COMPLEXITY" missed="8" covered="0"/><counter type="METHOD" missed="1" covered="0"/></method><counter type="INSTRUCTION" missed="508" covered="0"/><counter type="BRANCH" missed="56" covered="0"/><counter type="LINE" missed="101" covered="0"/><counter type="COMPLEXITY" missed="31" covered="0"/><counter type="METHOD" missed="3" covered="0"/><counter type="CLASS" missed="1" covered="0"/></class><class name="com/example/studentgrade/service/SemesterResource" sourcefilename="SemesterResource.java"><method name="&lt;init&gt;" desc="()V" line="24"><counter type="INSTRUCTION" missed="3" covered="0"/><counter type="LINE" missed="1" covered="0"/><counter type="COMPLEXITY" missed="1" covered="0"/><counter type="METHOD" missed="1" covered="0"/></method><method name="getSemestersPage" desc="(Ljava/lang/String;Ljava/lang/String;Ljava/lang/String;Ljava/lang/String;I)Ljava/lang/String;" line="39"><counter type="INSTRUCTION" missed="309" covered="0"/><counter type="BRANCH" missed="30" covered="0"/><counter type="LINE" missed="65" covered="0"/><counter type="COMPLEXITY" missed="16" covered="0"/><counter type="METHOD" missed="1" covered="0"/></method><method name="addSemester" desc="(Ljava/lang/String;Ljava/lang/String;Ljava/lang/String;)Ljakarta/ws/rs/core/Response;" line="133"><counter type="INSTRUCTION" missed="22" covered="0"/><counter type="LINE" missed="6" covered="0"/><counter type="COMPLEXITY" missed="1" covered="0"/><counter type="METHOD" missed="1" covered="0"/></method><method name="editSemester" desc="(Ljava/lang/Long;Ljava/lang/String;Ljava/lang/String;Ljava/lang/String;)Ljakarta/ws/rs/core/Response;" line="147"><counter type="INSTRUCTION" missed="28" covered="0"/><counter type="BRANCH" missed="2" covered="0"/><counter type="LINE" missed="7" covered="0"/><counter type="COMPLEXITY" missed="2" covered="0"/><counter type="METHOD" missed="1" covered="0"/></method><method name="deleteSemester" desc="(Ljava/lang/Long;)Ljakarta/ws/rs/core/Response;" line="161"><counter type="INSTRUCTION" missed="39" covered="0"/><counter type="BRANCH" missed="4" covered="0"/><counter type="LINE" missed="9" covered="0"/><counter type="COMPLEXITY" missed="3" covered="0"/><counter type="METHOD" missed="1" covered="0"/></method><method name="transferClasses" desc="(Ljava/lang/Long;Ljava/lang/Long;)Ljakarta/ws/rs/core/Response;" line="181"><counter type="INSTRUCTION" missed="74" covered="0"/><counter type="BRANCH" missed="10" covered="0"/><counter type="LINE" missed="17" covered="0"/><counter type="COMPLEXITY" missed="6" covered="0"/><counter type="METHOD" missed="1" covered="0"/></method><counter type="INSTRUCTION" missed="475" covered="0"/><counter type="BRANCH" missed="46" covered="0"/><counter type="LINE" missed="105" covered="0"/><counter type="COMPLEXITY" missed="29" covered="0"/><counter type="METHOD" missed="6" covered="0"/><counter type="CLASS" missed="1" covered="0"/></class><class name="com/example/studentgrade/service/SubjectResource" sourcefilename="SubjectResource.java"><method name="&lt;init&gt;" desc="()V" line="19"><counter type="INSTRUCTION" missed="3" covered="0"/><counter type="LINE" missed="1" covered="0"/><counter type="COMPLEXITY" missed="1" covered="0"/><counter type="METHOD" missed="1" covered="0"/></method><method name="getSubjectsPage" desc="(I)Ljava/lang/String;" line="30"><counter type="INSTRUCTION" missed="61" covered="0"/><counter type="BRANCH" missed="6" covered="0"/><counter type="LINE" missed="14" covered="0"/><counter type="COMPLEXITY" missed="4" covered="0"/><counter type="METHOD" missed="1" covered="0"/></method><method name="addSubject" desc="(Ljava/lang/String;Ljava/lang/String;Ljava/lang/String;)Ljakarta/ws/rs/core/Response;" line="56"><counter type="INSTRUCTION" missed="22" covered="0"/><counter type="LINE" missed="6" covered="0"/><counter type="COMPLEXITY" missed="1" covered="0"/><counter type="METHOD" missed="1" covered="0"/></method><method name="deleteSubject" desc="(Ljava/lang/Long;)Ljakarta/ws/rs/core/Response;" line="69"><counter type="INSTRUCTION" missed="18" covered="0"/><counter type="BRANCH" missed="2" covered="0"/><counter type="LINE" missed="4" covered="0"/><counter type="COMPLEXITY" missed="2" covered="0"/><counter type="METHOD" missed="1" covered="0"/></method><counter type="INSTRUCTION" missed="104" covered="0"/><counter type="BRANCH" missed="8" covered="0"/><counter type="LINE" missed="25" covered="0"/><counter type="COMPLEXITY" missed="8" covered="0"/><counter type="METHOD" missed="4" covered="0"/><counter type="CLASS" missed="1" covered="0"/></class><class name="com/example/studentgrade/service/EnrollmentResource" sourcefilename="EnrollmentResource.java"><method name="&lt;init&gt;" desc="()V" line="17"><counter type="INSTRUCTION" missed="0" covered="3"/><counter type="LINE" missed="0" covered="1"/><counter type="COMPLEXITY" missed="0" covered="1"/><counter type="METHOD" missed="0" covered="1"/></method><method name="enrollStudent" desc="(Ljava/lang/String;Ljava/lang/String;)Ljakarta/ws/rs/core/Response;" line="30"><counter type="INSTRUCTION" missed="178" covered="0"/><counter type="BRANCH" missed="24" covered="0"/><counter type="LINE" missed="48" covered="0"/><counter type="COMPLEXITY" missed="13" covered="0"/><counter type="METHOD" missed="1" covered="0"/></method><method name="approveEnrollment" desc="(Ljava/lang/Long;Ljava/lang/String;)Ljakarta/ws/rs/core/Response;" line="113"><counter type="INSTRUCTION" missed="37" covered="49"/><counter type="BRANCH" missed="9" covered="7"/><counter type="LINE" missed="7" covered="9"/><counter type="COMPLEXITY" missed="8" covered="1"/><counter type="METHOD" missed="0" covered="1"/></method><method name="updateTuitionFee" desc="(Ljava/lang/Long;Ljava/lang/Long;I)V" line="139"><counter type="INSTRUCTION" missed="170" covered="0"/><counter type="BRANCH" missed="18" covered="0"/><counter type="LINE" missed="39" covered="0"/><counter type="COMPLEXITY" missed="10" covered="0"/><counter type="METHOD" missed="1" covered="0"/></method><counter type="INSTRUCTION" missed="385" covered="52"/><counter type="BRANCH" missed="51" covered="7"/><counter type="LINE" missed="94" covered="10"/><counter type="COMPLEXITY" missed="31" covered="2"/><counter type="METHOD" missed="2" covered="2"/><counter type="CLASS" missed="0" covered="1"/></class><class name="com/example/studentgrade/service/ClassroomResource" sourcefilename="ClassroomResource.java"><method name="&lt;init&gt;" desc="()V" line="21"><counter type="INSTRUCTION" missed="3" covered="0"/><counter type="LINE" missed="1" covered="0"/><counter type="COMPLEXITY" missed="1" covered="0"/><counter type="METHOD" missed="1" covered="0"/></method><method name="getClassesPage" desc="(Ljava/lang/String;ILjava/lang/Long;Ljava/lang/Long;)Ljava/lang/String;" line="36"><counter type="INSTRUCTION" missed="165" covered="0"/><counter type="BRANCH" missed="22" covered="0"/><counter type="LINE" missed="38" covered="0"/><counter type="COMPLEXITY" missed="12" covered="0"/><counter type="METHOD" missed="1" covered="0"/></method><method name="addClassroom" desc="(Ljava/lang/String;Ljava/lang/Long;Ljava/lang/String;Ljava/lang/String;Ljava/lang/Long;Ljava/lang/String;)Ljakarta/ws/rs/core/Response;" line="100"><counter type="INSTRUCTION" missed="20" covered="0"/><counter type="BRANCH" missed="2" covered="0"/><counter type="LINE" missed="3" covered="0"/><counter type="COMPLEXITY" missed="2" covered="0"/><counter type="METHOD" missed="1" covered="0"/></method><method name="deleteClassroom" desc="(Ljava/lang/String;Ljava/lang/Long;)Ljakarta/ws/rs/core/Response;" line="110"><counter type="INSTRUCTION" missed="16" covered="0"/><counter type="BRANCH" missed="2" covered="0"/><counter type="LINE" missed="3" covered="0"/><counter type="COMPLEXITY" missed="2" covered="0"/><counter type="METHOD" missed="1" covered="0"/></method><method name="editClassroom" desc="(Ljava/lang/String;Ljava/lang/Long;Ljava/lang/String;Ljava/lang/Long;Ljava/lang/String;)Ljakarta/ws/rs/core/Response;" line="125"><counter type="INSTRUCTION" missed="19" covered="0"/><counter type="BRANCH" missed="2" covered="0"/><counter type="LINE" missed="3" covered="0"/><counter type="COMPLEXITY" missed="2" covered="0"/><counter type="METHOD" missed="1" covered="0"/></method><counter type="INSTRUCTION" missed="223" covered="0"/><counter type="BRANCH" missed="28" covered="0"/><counter type="LINE" missed="48" covered="0"/><counter type="COMPLEXITY" missed="19" covered="0"/><counter type="METHOD" missed="5" covered="0"/><counter type="CLASS" missed="1" covered="0"/></class><sourcefile name="UserResource.java"><line nr="19" mi="3" ci="0" mb="0" cb="0"/><line nr="33" mi="2" ci="0" mb="0" cb="0"/><line nr="35" mi="2" ci="0" mb="0" cb="0"/><line nr="36" mi="2" ci="0" mb="0" cb="0"/><line nr="38" mi="4" ci="0" mb="0" cb="0"/><line nr="39" mi="4" ci="0" mb="0" cb="0"/><line nr="42" mi="6" ci="0" mb="4" cb="0"/><line nr="43" mi="4" ci="0" mb="0" cb="0"/><line nr="45" mi="7" ci="0" mb="0" cb="0"/><line nr="49" mi="10" ci="0" mb="6" cb="0"/><line nr="50" mi="4" ci="0" mb="0" cb="0"/><line nr="51" mi="5" ci="0" mb="0" cb="0"/><line nr="55" mi="3" ci="0" mb="2" cb="0"/><line nr="56" mi="5" ci="0" mb="0" cb="0"/><line nr="57" mi="4" ci="0" mb="0" cb="0"/><line nr="58" mi="4" ci="0" mb="0" cb="0"/><line nr="61" mi="6" ci="0" mb="0" cb="0"/><line nr="62" mi="7" ci="0" mb="0" cb="0"/><line nr="64" mi="4" ci="0" mb="0" cb="0"/><line nr="65" mi="9" ci="0" mb="0" cb="0"/><line nr="67" mi="3" ci="0" mb="2" cb="0"/><line nr="68" mi="2" ci="0" mb="0" cb="0"/><line nr="69" mi="5" ci="0" mb="4" cb="0"/><line nr="70" mi="2" ci="0" mb="0" cb="0"/><line nr="72" mi="3" ci="0" mb="0" cb="0"/><line nr="73" mi="6" ci="0" mb="0" cb="0"/><line nr="74" mi="7" ci="0" mb="0" cb="0"/><line nr="76" mi="6" ci="0" mb="0" cb="0"/><line nr="77" mi="2" ci="0" mb="0" cb="0"/><line nr="78" mi="1" ci="0" mb="0" cb="0"/><line nr="79" mi="2" ci="0" mb="0" cb="0"/><line nr="81" mi="7" ci="0" mb="0" cb="0"/><line nr="82" mi="7" ci="0" mb="2" cb="0"/><line nr="83" mi="8" ci="0" mb="2" cb="0"/><line nr="84" mi="4" ci="0" mb="0" cb="0"/><line nr="85" mi="4" ci="0" mb="0" cb="0"/><line nr="86" mi="1" ci="0" mb="0" cb="0"/><line nr="87" mi="1" ci="0" mb="0" cb="0"/><line nr="100" mi="4" ci="0" mb="0" cb="0"/><line nr="101" mi="3" ci="0" mb="0" cb="0"/><line nr="102" mi="3" ci="0" mb="0" cb="0"/><line nr="103" mi="3" ci="0" mb="0" cb="0"/><line nr="104" mi="3" ci="0" mb="0" cb="0"/><line nr="105" mi="3" ci="0" mb="0" cb="0"/><line nr="106" mi="3" ci="0" mb="0" cb="0"/><line nr="108" mi="4" ci="0" mb="0" cb="0"/><line nr="109" mi="5" ci="0" mb="0" cb="0"/><line nr="110" mi="1" ci="0" mb="0" cb="0"/><line nr="111" mi="7" ci="0" mb="0" cb="0"/><line nr="112" mi="4" ci="0" mb="0" cb="0"/><line nr="113" mi="3" ci="0" mb="0" cb="0"/><line nr="114" mi="1" ci="0" mb="0" cb="0"/><line nr="115" mi="2" ci="0" mb="0" cb="0"/><line nr="122" mi="4" ci="0" mb="0" cb="0"/><line nr="123" mi="5" ci="0" mb="0" cb="0"/><counter type="INSTRUCTION" missed="224" covered="0"/><counter type="BRANCH" missed="22" covered="0"/><counter type="LINE" missed="55" covered="0"/><counter type="COMPLEXITY" missed="15" covered="0"/><counter type="METHOD" missed="4" covered="0"/><counter type="CLASS" missed="1" covered="0"/></sourcefile><sourcefile name="TuitionResource.java"><line nr="17" mi="3" ci="0" mb="0" cb="0"/><line nr="32" mi="2" ci="0" mb="0" cb="0"/><line nr="33" mi="6" ci="0" mb="4" cb="0"/><line nr="35" mi="4" ci="0" mb="0" cb="0"/><line nr="36" mi="1" ci="0" mb="0" cb="0"/><line nr="37" mi="1" ci="0" mb="0" cb="0"/><line nr="39" mi="5" ci="0" mb="0" cb="0"/><line nr="40" mi="2" ci="0" mb="0" cb="0"/><line nr="42" mi="2" ci="0" mb="0" cb="0"/><line nr="44" mi="2" ci="0" mb="0" cb="0"/><line nr="45" mi="4" ci="0" mb="0" cb="0"/><line nr="47" mi="7" ci="0" mb="4" cb="0"/><line nr="48" mi="3" ci="0" mb="0" cb="0"/><line nr="49" mi="5" ci="0" mb="0" cb="0"/><line nr="52" mi="9" ci="0" mb="6" cb="0"/><line nr="53" mi="3" ci="0" mb="0" cb="0"/><line nr="54" mi="5" ci="0" mb="0" cb="0"/><line nr="57" mi="6" ci="0" mb="4" cb="0"/><line nr="58" mi="3" ci="0" mb="0" cb="0"/><line nr="59" mi="7" ci="0" mb="0" cb="0"/><line nr="62" mi="3" ci="0" mb="0" cb="0"/><line nr="64" mi="6" ci="0" mb="0" cb="0"/><line nr="65" mi="7" ci="0" mb="0" cb="0"/><line nr="67" mi="3" ci="0" mb="0" cb="0"/><line nr="68" mi="3" ci="0" mb="0" cb="0"/><line nr="69" mi="8" ci="0" mb="0" cb="0"/><line nr="71" mi="3" ci="0" mb="2" cb="0"/><line nr="7
[...]
="0" ci="3" mb="0" cb="0"/><line nr="28" mi="0" ci="3" mb="0" cb="0"/><line nr="32" mi="3" ci="0" mb="0" cb="0"/><line nr="33" mi="1" ci="0" mb="0" cb="0"/><line nr="36" mi="3" ci="0" mb="0" cb="0"/><line nr="40" mi="0" ci="3" mb="0" cb="0"/><line nr="41" mi="0" ci="1" mb="0" cb="0"/><line nr="44" mi="3" ci="0" mb="0" cb="0"/><line nr="48" mi="0" ci="3" mb="0" cb="0"/><line nr="49" mi="0" ci="1" mb="0" cb="0"/><line nr="52" mi="3" ci="0" mb="0" cb="0"/><line nr="56" mi="0" ci="3" mb="0" cb="0"/><line nr="57" mi="0" ci="1" mb="0" cb="0"/><line nr="60" mi="0" ci="3" mb="0" cb="0"/><line nr="64" mi="0" ci="3" mb="0" cb="0"/><line nr="65" mi="0" ci="1" mb="0" cb="0"/><line nr="68" mi="3" ci="0" mb="0" cb="0"/><line nr="72" mi="0" ci="3" mb="0" cb="0"/><line nr="73" mi="0" ci="1" mb="0" cb="0"/><line nr="76" mi="3" ci="0" mb="0" cb="0"/><line nr="80" mi="0" ci="3" mb="0" cb="0"/><line nr="81" mi="0" ci="1" mb="0" cb="0"/><line nr="84" mi="3" ci="0" mb="0" cb="0"/><line nr="88" mi="0" ci="3" mb="0" cb="0"/><line nr="89" mi="0" ci="1" mb="0" cb="0"/><line nr="92" mi="3" ci="0" mb="0" cb="0"/><line nr="96" mi="0" ci="3" mb="0" cb="0"/><line nr="97" mi="0" ci="1" mb="0" cb="0"/><line nr="100" mi="3" ci="0" mb="0" cb="0"/><line nr="104" mi="0" ci="3" mb="0" cb="0"/><line nr="105" mi="0" ci="1" mb="0" cb="0"/><counter type="INSTRUCTION" missed="28" covered="45"/><counter type="LINE" missed="10" covered="21"/><counter type="COMPLEXITY" missed="9" covered="12"/><counter type="METHOD" missed="9" covered="12"/><counter type="CLASS" missed="0" covered="1"/></sourcefile><sourcefile name="Semester.java"><line nr="11" mi="0" ci="3" mb="0" cb="0"/><line nr="21" mi="0" ci="3" mb="0" cb="0"/><line nr="25" mi="3" ci="0" mb="0" cb="0"/><line nr="26" mi="1" ci="0" mb="0" cb="0"/><line nr="29" mi="0" ci="3" mb="0" cb="0"/><line nr="33" mi="0" ci="3" mb="0" cb="0"/><line nr="34" mi="0" ci="1" mb="0" cb="0"/><line nr="37" mi="0" ci="3" mb="0" cb="0"/><line nr="41" mi="0" ci="3" mb="0" cb="0"/><line nr="42" mi="0" ci="1" mb="0" cb="0"/><line nr="45" mi="0" ci="3" mb="0" cb="0"/><line nr="49" mi="0" ci="3" mb="0" cb="0"/><line nr="50" mi="0" ci="1" mb="0" cb="0"/><counter type="INSTRUCTION" missed="4" covered="27"/><counter type="LINE" missed="2" covered="11"/><counter type="COMPLEXITY" missed="1" covered="8"/><counter type="METHOD" missed="1" covered="8"/><counter type="CLASS" missed="0" covered="1"/></sourcefile><sourcefile name="Student.java"><line nr="12" mi="0" ci="3" mb="0" cb="0"/><line nr="28" mi="0" ci="3" mb="0" cb="0"/><line nr="32" mi="3" ci="0" mb="0" cb="0"/><line nr="33" mi="1" ci="0" mb="0" cb="0"/><line nr="36" mi="3" ci="0" mb="0" cb="0"/><line nr="40" mi="0" ci="3" mb="0" cb="0"/><line nr="41" mi="0" ci="1" mb="0" cb="0"/><line nr="44" mi="3" ci="0" mb="0" cb="0"/><line nr="48" mi="0" ci="3" mb="0" cb="0"/><line nr="49" mi="0" ci="1" mb="0" cb="0"/><line nr="52" mi="3" ci="0" mb="0" cb="0"/><line nr="56" mi="0" ci="3" mb="0" cb="0"/><line nr="57" mi="0" ci="1" mb="0" cb="0"/><line nr="60" mi="3" ci="0" mb="0" cb="0"/><line nr="64" mi="0" ci="3" mb="0" cb="0"/><line nr="65" mi="0" ci="1" mb="0" cb="0"/><line nr="68" mi="0" ci="3" mb="0" cb="0"/><line nr="72" mi="0" ci="3" mb="0" cb="0"/><line nr="73" mi="0" ci="1" mb="0" cb="0"/><line nr="76" mi="0" ci="3" mb="0" cb="0"/><line nr="80" mi="0" ci="3" mb="0" cb="0"/><line nr="81" mi="0" ci="1" mb="0" cb="0"/><line nr="84" mi="3" ci="0" mb="0" cb="0"/><line nr="88" mi="3" ci="0" mb="0" cb="0"/><line nr="89" mi="1" ci="0" mb="0" cb="0"/><line nr="93" mi="6" ci="0" mb="0" cb="0"/><counter type="INSTRUCTION" missed="29" covered="36"/><counter type="LINE" missed="10" covered="16"/><counter type="COMPLEXITY" missed="8" covered="10"/><counter type="METHOD" missed="8" covered="10"/><counter type="CLASS" missed="0" covered="1"/></sourcefile><sourcefile name="DataInitializer.java"><line nr="24" mi="0" ci="3" mb="0" cb="0"/><line nr="38" mi="0" ci="2" mb="0" cb="0"/><line nr="39" mi="0" ci="8" mb="0" cb="0"/><line nr="40" mi="0" ci="5" mb="1" cb="1"/><line nr="41" mi="0" ci="2" mb="0" cb="0"/><line nr="42" mi="0" ci="6" mb="0" cb="0"/><line nr="43" mi="0" ci="6" mb="0" cb="0"/><line nr="44" mi="0" ci="6" mb="0" cb="0"/><line nr="45" mi="0" ci="6" mb="0" cb="0"/><line nr="46" mi="0" ci="6" mb="0" cb="0"/><line nr="47" mi="0" ci="6" mb="0" cb="0"/><line nr="48" mi="0" ci="3" mb="0" cb="0"/><line nr="52" mi="0" ci="6" mb="1" cb="1"/><line nr="53" mi="1" ci="0" mb="0" cb="0"/><line nr="57" mi="0" ci="9" mb="0" cb="0"/><line nr="60" mi="0" ci="9" mb="0" cb="0"/><line nr="62" mi="0" ci="9" mb="0" cb="0"/><line nr="65" mi="0" ci="9" mb="0" cb="0"/><line nr="70" mi="0" ci="4" mb="0" cb="0"/><line nr="71" mi="0" ci="7" mb="0" cb="2"/><line nr="72" mi="0" ci="21" mb="0" cb="0"/><line nr="80" mi="0" ci="7" mb="0" cb="0"/><line nr="82" mi="0" ci="6" mb="0" cb="0"/><line nr="84" mi="0" ci="7" mb="0" cb="0"/><line nr="86" mi="0" ci="6" mb="0" cb="0"/><line nr="88" mi="0" ci="7" mb="0" cb="0"/><line nr="90" mi="0" ci="6" mb="0" cb="0"/><line nr="92" mi="0" ci="7" mb="0" cb="0"/><line nr="94" mi="0" ci="6" mb="0" cb="0"/><line nr="96" mi="0" ci="7" mb="0" cb="0"/><line nr="98" mi="0" ci="6" mb="0" cb="0"/><line nr="101" mi="0" ci="7" mb="0" cb="0"/><line nr="103" mi="0" ci="6" mb="0" cb="0"/><line nr="105" mi="0" ci="7" mb="0" cb="0"/><line nr="107" mi="0" ci="6" mb="0" cb="0"/><line nr="109" mi="0" ci="7" mb="0" cb="0"/><line nr="111" mi="0" ci="6" mb="0" cb="0"/><line nr="113" mi="0" ci="7" mb="0" cb="0"/><line nr="115" mi="0" ci="6" mb="0" cb="0"/><line nr="117" mi="0" ci="7" mb="0" cb="0"/><line nr="119" mi="0" ci="6" mb="0" cb="0"/><line nr="122" mi="0" ci="7" mb="0" cb="0"/><line nr="124" mi="0" ci="6" mb="0" cb="0"/><line nr="126" mi="0" ci="7" mb="0" cb="0"/><line nr="128" mi="0" ci="6" mb="0" cb="0"/><line nr="130" mi="0" ci="7" mb="0" cb="0"/><line nr="132" mi="0" ci="6" mb="0" cb="0"/><line nr="134" mi="0" ci="7" mb="0" cb="0"/><line nr="136" mi="0" ci="6" mb="0" cb="0"/><line nr="138" mi="0" ci="7" mb="0" cb="0"/><line nr="140" mi="0" ci="6" mb="0" cb="0"/><line nr="143" mi="0" ci="17" mb="0" cb="0"/><line nr="144" mi="0" ci="22" mb="0" cb="0"/><line nr="146" mi="0" ci="22" mb="0" cb="0"/><line nr="148" mi="0" ci="22" mb="0" cb="0"/><line nr="150" mi="0" ci="22" mb="0" cb="0"/><line nr="152" mi="0" ci="22" mb="0" cb="0"/><line nr="154" mi="0" ci="22" mb="0" cb="0"/><line nr="156" mi="0" ci="22" mb="0" cb="0"/><line nr="158" mi="0" ci="22" mb="0" cb="0"/><line nr="160" mi="0" ci="22" mb="0" cb="0"/><line nr="162" mi="0" ci="22" mb="0" cb="0"/><line nr="164" mi="0" ci="22" mb="0" cb="0"/><line nr="166" mi="0" ci="22" mb="0" cb="0"/><line nr="168" mi="0" ci="22" mb="0" cb="0"/><line nr="170" mi="0" ci="22" mb="0" cb="0"/><line nr="172" mi="0" ci="22" mb="0" cb="0"/><line nr="174" mi="0" ci="22" mb="0" cb="0"/><line nr="176" mi="0" ci="22" mb="0" cb="0"/><line nr="178" mi="0" ci="22" mb="0" cb="0"/><line nr="180" mi="0" ci="22" mb="0" cb="0"/><line nr="182" mi="0" ci="22" mb="0" cb="0"/><line nr="184" mi="0" ci="22" mb="0" cb="0"/><line nr="186" mi="0" ci="22" mb="0" cb="0"/><line nr="188" mi="0" ci="22" mb="0" cb="0"/><line nr="190" mi="0" ci="22" mb="0" cb="0"/><line nr="192" mi="0" ci="22" mb="0" cb="0"/><line nr="194" mi="0" ci="22" mb="0" cb="0"/><line nr="196" mi="0" ci="22" mb="0" cb="0"/><line nr="198" mi="0" ci="22" mb="0" cb="0"/><line nr="200" mi="0" ci="22" mb="0" cb="0"/><line nr="202" mi="0" ci="22" mb="0" cb="0"/><line nr="204" mi="0" ci="22" mb="0" cb="0"/><line nr="206" mi="0" ci="22" mb="0" cb="0"/><line nr="208" mi="0" ci="22" mb="0" cb="0"/><line nr="210" mi="0" ci="22" mb="0" cb="0"/><line nr="212" mi="0" ci="22" mb="0" cb="0"/><line nr="214" mi="0" ci="22" mb="0" cb="0"/><line nr="216" mi="0" ci="22" mb="0" cb="0"/><line nr="218" mi="0" ci="22" mb="0" cb="0"/><line nr="220" mi="0" ci="22" mb="0" cb="0"/><line nr="222" mi="0" ci="22" mb="0" cb="0"/><line nr="224" mi="0" ci="22" mb="0" cb="0"/><line nr="226" mi="0" ci="22" mb="0" cb="0"/><line nr="228" mi="0" ci="22" mb="0" cb="0"/><line nr="230" mi="0" ci="22" mb="0" cb="0"/><line nr="232" mi="0" ci="22" mb="0" cb="0"/><line nr="234" mi="0" ci="22" mb="0" cb="0"/><line nr="236" mi="0" ci="22" mb="0" cb="0"/><line nr="238" mi="0" ci="22" mb="0" cb="0"/><line nr="240" mi="0" ci="22" mb="0" cb="0"/><line nr="242" mi="0" ci="22" mb="0" cb="0"/><line nr="244" mi="0" ci="22" mb="0" cb="0"/><line nr="246" mi="0" ci="22" mb="0" cb="0"/><line nr="248" mi="0" ci="22" mb="0" cb="0"/><line nr="250" mi="0" ci="22" mb="0" cb="0"/><line nr="252" mi="0" ci="22" mb="0" cb="0"/><line nr="254" mi="0" ci="22" mb="0" cb="0"/><line nr="256" mi="0" ci="22" mb="0" cb="0"/><line nr="258" mi="0" ci="22" mb="0" cb="0"/><line nr="260" mi="0" ci="22" mb="0" cb="0"/><line nr="262" mi="0" ci="22" mb="0" cb="0"/><line nr="264" mi="0" ci="22" mb="0" cb="0"/><line nr="266" mi="0" ci="22" mb="0" cb="0"/><line nr="268" mi="0" ci="22" mb="0" cb="0"/><line nr="270" mi="0" ci="22" mb="0" cb="0"/><line nr="272" mi="0" ci="8" mb="0" cb="0"/><line nr="276" mi="0" ci="16" mb="0" cb="2"/><line nr="277" mi="0" ci="5" mb="0" cb="0"/><line nr="278" mi="0" ci="5" mb="0" cb="0"/><line nr="279" mi="0" ci="6" mb="0" cb="0"/><line nr="280" mi="0" ci="5" mb="0" cb="0"/><line nr="282" mi="0" ci="7" mb="0" cb="0"/><line nr="285" mi="0" ci="14" mb="0" cb="6"/><line nr="286" mi="0" ci="2" mb="0" cb="2"/><line nr="287" mi="0" ci="7" mb="0" cb="0"/><line nr="289" mi="0" ci="6" mb="0" cb="0"/><line nr="293" mi="0" ci="2" mb="1" cb="1"/><line nr="294" mi="0" ci="4" mb="0" cb="0"/><line nr="295" mi="0" ci="2" mb="0" cb="0"/><line nr="296" mi="0" ci="3" mb="0" cb="0"/><line nr="297" mi="0" ci="4" mb="0" cb="0"/><line nr="298" mi="0" ci="1" mb="0" cb="0"/><line nr="299" mi="0" ci="2" mb="0" cb="0"/><line nr="301" mi="0" ci="8" mb="2" cb="2"/><line nr="302" mi="0" ci="2" mb="0" cb="0"/><line nr="303" mi="0" ci="7" mb="0" cb="2"/><line nr="304" mi="0" ci="5" mb="0" cb="0"/><line nr="305" mi="0" ci="7" mb="0" cb="2"/><line nr="306" mi="0" ci="6" mb="0" cb="0"/><line nr="307" mi="0" ci="2" mb="0" cb="0"/><line nr="309" mi="0" ci="7" mb="0" cb="0"/><line nr="312" mi="0" ci="3" mb="0" cb="0"/><line nr="313" mi="0" ci="4" mb="0" cb="0"/><line nr="314" mi="0" ci="7" mb="0" cb="0"/><line nr="315" mi="0" ci="2" mb="1" cb="1"/><line nr="316" mi="0" ci="2" mb="0" cb="0"/><line nr="317" mi="1" ci="0" mb="0" cb="0"/><line nr="318" mi="0" ci="1" mb="0" cb="0"/><line nr="320" mi="0" ci="6" mb="0" cb="0"/><line nr="325" mi="0" ci="4" mb="0" cb="0"/><line nr="329" mi="0" ci="3" mb="0" cb="0"/><line nr="330" mi="0" ci="3" mb="0" cb="0"/><line nr="331" mi="0" ci="3" mb="0" cb="0"/><line nr="332" mi="0" ci="3" mb="0" cb="0"/><line nr="333" mi="0" ci="1" mb="0" cb="0"/><line nr="337" mi="0" ci="4" mb="0" cb="0"/><line nr="338" mi="0" ci="3" mb="0" cb="0"/><line nr="339" mi="0" ci="3" mb="0" cb="0"/><line nr="340" mi="0" ci="3" mb="0" cb="0"/><line nr="341" mi="0" ci="3" mb="0" cb="0"/><line nr="342" mi="0" ci="3" mb="0" cb="0"/><line nr="343" mi="0" ci="3" mb="0" cb="0"/><line nr="344" mi="0" ci="4" mb="0" cb="0"/><line nr="345" mi="0" ci="2" mb="0" cb="0"/><line nr="349" mi="0" ci="4" mb="0" cb="0"/><line nr="350" mi="0" ci="3" mb="0" cb="0"/><line nr="351" mi="0" ci="3" mb="0" cb="0"/><line nr="352" mi="0" ci="3" mb="0" cb="0"/><line nr="353" mi="0" ci="3" mb="0" cb="0"/><line nr="356" mi="0" ci="8" mb="0" cb="4"/><line nr="357" mi="0" ci="4" mb="0" cb="0"/><line nr="358" mi="0" ci="14" mb="0" cb="6"/><line nr="359" mi="0" ci="6" mb="0" cb="4"/><line nr="360" mi="0" ci="4" mb="0" cb="0"/><line nr="362" mi="0" ci="3" mb="0" cb="0"/><line nr="364" mi="0" ci="4" mb="0" cb="0"/><line nr="365" mi="0" ci="2" mb="0" cb="0"/><line nr="369" mi="0" ci="4" mb="0" cb="0"/><line nr="370" mi="0" ci="3" mb="0" cb="0"/><line nr="371" mi="0" ci="3" mb="0" cb="0"/><line nr="372" mi="0" ci="4" mb="0" cb="0"/><line nr="373" mi="0" ci="1" mb="0" cb="0"/><line nr="376" mi="0" ci="4" mb="0" cb="0"/><line nr="377" mi="0" ci="3" mb="0" cb="0"/><line nr="378" mi="0" ci="3" mb="0" cb="0"/><line nr="379" mi="0" ci="3" mb="0" cb="0"/><line nr="380" mi="0" ci="4" mb="0" cb="0"/><line nr="381" mi="0" ci="2" mb="0" cb="0"/><line nr="385" mi="0" ci="2" mb="0" cb="0"/><line nr="386" mi="0" ci="3" mb="0" cb="0"/><line nr="387" mi="0" ci="8" mb="0" cb="0"/><line nr="389" mi="0" ci="7" mb="0" cb="2"/><line nr="390" mi="0" ci="12" mb="0" cb="0"/><line nr="392" mi="0" ci="4" mb="0" cb="0"/><line nr="393" mi="0" ci="8" mb="0" cb="0"/><line nr="394" mi="0" ci="4" mb="0" cb="0"/><line nr="395" mi="0" ci="4" mb="0" cb="0"/><line nr="396" mi="0" ci="4" mb="0" cb="0"/><line nr="397" mi="0" ci="4" mb="0" cb="0"/><line nr="398" mi="0" ci="4" mb="0" cb="0"/><line nr="399" mi="0" ci="4" mb="0" cb="0"/><line nr="400" mi="0" ci="4" mb="0" cb="0"/><line nr="401" mi="0" ci="4" mb="0" cb="0"/><line nr="402" mi="0" ci="4" mb="0" cb="0"/><line nr="404" mi="0" ci="4" mb="0" cb="0"/><line nr="405" mi="0" ci="6" mb="0" cb="0"/><line nr="407" mi="0" ci="7" mb="0" cb="2"/><line nr="408" mi="0" ci="5" mb="0" cb="0"/><line nr="409" mi="0" ci="4" mb="0" cb="0"/><line nr="410" mi="0" ci="4" mb="0" cb="0"/><line nr="411" mi="0" ci="4" mb="0" cb="0"/><line nr="412" mi="0" ci="3" mb="0" cb="0"/><line nr="413" mi="0" ci="4" mb="0" cb="0"/><line nr="415" mi="0" ci="4" mb="0" cb="0"/><line nr="416" mi="0" ci="3" mb="0" cb="0"/><line nr="417" mi="0" ci="3" mb="0" cb="0"/><line nr="420" mi="0" ci="43" mb="0" cb="0"/><line nr="421" mi="0" ci="6" mb="0" cb="0"/><line nr="426" mi="0" ci="8" mb="0" cb="0"/><line nr="428" mi="0" ci="12" mb="0" cb="0"/><line nr="429" mi="0" ci="12" mb="0" cb="0"/><line nr="430" mi="0" ci="12" mb="0" cb="0"/><line nr="432" mi="0" ci="8" mb="0" cb="0"/><line nr="433" mi="0" ci="8" mb="0" cb="0"/><line nr="434" mi="0" ci="8" mb="0" cb="0"/><line nr="436" mi="0" ci="4" mb="0" cb="0"/><line nr="437" mi="0" ci="4" mb="0" cb="0"/><line nr="438" mi="0" ci="4" mb="0" cb="0"/><line nr="439" mi="0" ci="18" mb="0" cb="0"/><line nr="440" mi="0" ci="4" mb="0" cb="0"/><line nr="442" mi="0" ci="4" mb="0" cb="0"/><line nr="445" mi="0" ci="1" mb="0" cb="0"/><line nr="448" mi="0" ci="10" mb="0" cb="2"/><line nr="449" mi="0" ci="10" mb="0" cb="2"/><line nr="450" mi="0" ci="7" mb="0" cb="0"/><line nr="453" mi="0" ci="4" mb="0" cb="0"/><line nr="454" mi="0" ci="2" mb="0" cb="0"/><line nr="455" mi="0" ci="2" mb="0" cb="0"/><line nr="457" mi="0" ci="3" mb="1" cb="1"/><line nr="458" mi="1" ci="0" mb="0" cb="0"/><line nr="460" mi="0" ci="2" mb="0" cb="0"/><line nr="461" mi="0" ci="2" mb="0" cb="0"/><line nr="463" mi="0" ci="10" mb="0" cb="2"/><line nr="464" mi="0" ci="8" mb="0" cb="0"/><line nr="465" mi="0" ci="8" mb="0" cb="0"/><line nr="466" mi="0" ci="3" mb="0" cb="0"/><line nr="467" mi="0" ci="4" mb="0" cb="0"/><line nr="469" mi="0" ci="3" mb="0" cb="0"/><line nr="470" mi="0" ci="4" mb="0" cb="2"/><line nr="471" mi="0" ci="8" mb="0" cb="0"/><line nr="472" mi="0" ci="4" mb="0" cb="2"/><line nr="473" mi="0" ci="8" mb="0" cb="0"/><line nr="474" mi="0" ci="4" mb="1" cb="1"/><line nr="475" mi="0" ci="8" mb="0" cb="0"/><line nr="477" mi="7" ci="0" mb="0" cb="0"/><line nr="479" mi="0" ci="1" mb="0" cb="0"/><line nr="481" mi="0" ci="4" mb="0" cb="0"/><line nr="482" mi="0" ci="4" mb="0" cb="0"/><line nr="483" mi="0" ci="4" mb="0" cb="0"/><line nr="484" mi="0" ci="3" mb="0" cb="0"/><line nr="485" mi="0" ci="4" mb="0" cb="0"/><line nr="487" mi="0" ci="4" mb="0" cb="0"/><line nr="488" mi="0" ci="3" mb="0" cb="0"/><line nr="489" mi="0" ci="4" mb="0" cb="0"/><line nr="491" mi="0" ci="6" mb="1" cb="1"/><line nr="492" mi="0" ci="4" mb="0" cb="0"/><line nr="493" mi="0" ci="4" mb="0" cb="0"/><line nr="494" mi="0" ci="4" mb="0" cb="0"/><line nr="495" mi="0" ci="3" mb="0" cb="0"/><line nr="496" mi="0" ci="6" mb="0" cb="0"/><line nr="497" mi="0" ci="3" mb="0" cb="0"/><line nr="498" mi="0" ci="4" mb="0" cb="0"/><line nr="500" mi="0" ci="1" mb="0" cb="0"/><line nr="501" mi="0" ci="1" mb="0" cb="0"/><line nr="502" mi="0" ci="1" mb="0" cb="0"/><counter type="INSTRUCTION" missed="10" covered="2530"/><counter type="BRANCH" missed="9" covered="53"/><counter type="LINE" missed="4" covered="272"/><counter type="COMPLEXITY" missed="9" covered="30"/><counter type="METHOD" missed="0" covered="8"/><counter type="CLASS" missed="0" covered="1"/></sourcefile><sourcefile name="Subject.java"><line nr="11" mi="0" ci="3" mb="0" cb="0"/><line nr="24" mi="0" ci="3" mb="0" cb="0"/><line nr="28" mi="3" ci="0" mb="0" cb="0"/><line nr="29" mi="1" ci="0" mb="0" cb="0"/><line nr="32" mi="3" ci="0" mb="0" cb="0"/><line nr="36" mi="0" ci="3" mb="0" cb="0"/><line nr="37" mi="0" ci="1" mb="0" cb="0"/><line nr="40" mi="0" ci="3" mb="0" cb="0"/><line nr="44" mi="0" ci="3" mb="0" cb="0"/><line nr="45" mi="0" ci="1" mb="0" cb="0"/><line nr="48" mi="0" ci="3" mb="0" cb="0"/><line nr="52" mi="0" ci="3" mb="0" cb="0"/><line nr="53" mi="0" ci="1" mb="0" cb="0"/><line nr="56" mi="0" ci="3" mb="0" cb="0"/><line nr="60" mi="0" ci="3" mb="0" cb="0"/><line nr="61" mi="0" ci="1" mb="0" cb="0"/><line nr="64" mi="0" ci="3" mb="0" cb="0"/><line nr="68" mi="0" ci="3" mb="0" cb="0"/><line nr="69" mi="0" ci="1" mb="0" cb="0"/><counter type="INSTRUCTION" missed="7" covered="38"/><counter type="LINE" missed="3" covered="16"/><counter type="COMPLEXITY" missed="2" covered="11"/><counter type="METHOD" missed="2" covered="11"/><counter type="CLASS" missed="0" covered="1"/></sourcefile><sourcefile name="Enrollment.java"><line nr="11" mi="0" ci="2" mb="0" cb="0"/><line nr="18" mi="0" ci="4" mb="0" cb="0"/><line nr="21" mi="3" ci="0" mb="0" cb="0"/><line nr="25" mi="3" ci="0" mb="0" cb="0"/><line nr="26" mi="1" ci="0" mb="0" cb="0"/><line nr="29" mi="3" ci="0" mb="0" cb="0"/><line nr="33" mi="0" ci="3" mb="0" cb="0"/><line nr="34" mi="0" ci="1" mb="0" cb="0"/><line nr="37" mi="0" ci="3" mb="0" cb="0"/><line nr="41" mi="0" ci="3" mb="0" cb="0"/><line nr="42" mi="0" ci="1" mb="0" cb="0"/><line nr="45" mi="0" ci="3" mb="0" cb="0"/><line nr="49" mi="0" ci="3" mb="0" cb="0"/><line nr="50" mi="0" ci="1" mb="0" cb="0"/><counter type="INSTRUCTION" missed="10" covered="24"/><counter type="LINE" missed="4" covered="10"/><counter type="COMPLEXITY" missed="3" covered="6"/><counter type="METHOD" missed="3" covered="6"/><counter type="CLASS" missed="0" covered="1"/></sourcefile><sourcefile name="PaymentTransaction.java"><line nr="11" mi="0" ci="3" mb="0" cb="0"/><line nr="22" mi="3" ci="0" mb="0" cb="0"/><line nr="26" mi="3" ci="0" mb="0" cb="0"/><line nr="27" mi="1" ci="0" mb="0" cb="0"/><line nr="30" mi="3" ci="0" mb="0" cb="0"/><line nr="34" mi="0" ci="3" mb="0" cb="0"/><line nr="35" mi="0" ci="1" mb="0" cb="0"/><line nr="38" mi="3" ci="0" mb="0" cb="0"/><line nr="42" mi="0" ci="3" mb="0" cb="0"/><line nr="43" mi="0" ci="1" mb="0" cb="0"/><line nr="46" mi="3" ci="0" mb="0" cb="0"/><line nr="50" mi="0" ci="3" mb="0" cb="0"/><line nr="51" mi="0" ci="1" mb="0" cb="0"/><line nr="54" mi="3" ci="0" mb="0" cb="0"/><line nr="58" mi="0" ci="3" mb="0" cb="0"/><line nr="59" mi="0" ci="1" mb="0" cb="0"/><counter type="INSTRUCTION" missed="19" covered="19"/><counter type="LINE" missed="7" covered="9"/><counter type="COMPLEXITY" missed="6" covered="5"/><counter type="METHOD" missed="6" covered="5"/><counter type="CLASS" missed="0" covered="1"/></sourcefile><counter type="INSTRUCTION" missed="162" covered="2806"/><counter type="BRANCH" missed="9" covered="53"/><counter type="LINE" missed="61" covered="393"/><counter type="COMPLEXITY" missed="55" covered="104"/><counter type="METHOD" missed="46" covered="82"/><counter type="CLASS" missed="0" covered="10"/></package><counter type="INSTRUCTION" missed="5443" covered="3633"/><counter type="BRANCH" missed="658" covered="124"/><counter type="LINE" missed="1254" covered="569"/><counter type="COMPLEXITY" missed="480" covered="136"/><counter type="METHOD" missed="130" covered="95"/><counter type="CLASS" missed="15" covered="15"/></report>